{"/home/dennismai/dper/polyglotist/src/client/app/history.ts": {"path":"/home/dennismai/dper/polyglotist/src/client/app/history.ts","statementMap":{"0":{"start":{"line":1,"column":0},"end":{"line":1,"column":68}},"1":{"start":{"line":3,"column":15},"end":{"line":3,"column":46}},"2":{"start":{"line":5,"column":16},"end":{"line":7,"column":26}},"3":{"start":{"line":9,"column":0},"end":{"line":9,"column":23}}},"fnMap":{},"branchMap":{"0":{"loc":{"start":{"line":6,"column":4},"end":{"line":6,"column":50}},"type":"cond-expr","locations":[{"start":{"line":6,"column":4},"end":{"line":6,"column":50}},{"start":{"line":7,"column":4},"end":{"line":7,"column":26}}]}},"s":{"0":5,"1":5,"2":5,"3":5},"f":{},"b":{"0":[5,0]}}
,"/home/dennismai/dper/polyglotist/src/client/app/index.tsx": {"path":"/home/dennismai/dper/polyglotist/src/client/app/index.tsx","statementMap":{"0":{"start":{"line":1,"column":0},"end":{"line":1,"column":51}},"1":{"start":{"line":2,"column":0},"end":{"line":2,"column":55}},"2":{"start":{"line":3,"column":0},"end":{"line":3,"column":42}},"3":{"start":{"line":4,"column":0},"end":{"line":4,"column":32}},"4":{"start":{"line":6,"column":0},"end":{"line":6,"column":53}},"5":{"start":{"line":7,"column":0},"end":{"line":7,"column":30}},"6":{"start":{"line":9,"column":0},"end":{"line":9,"column":62}},"7":{"start":{"line":11,"column":25},"end":{"line":11,"column":68}},"8":{"start":{"line":11,"column":41},"end":{"line":11,"column":67}},"9":{"start":{"line":12,"column":27},"end":{"line":12,"column":72}},"10":{"start":{"line":12,"column":43},"end":{"line":12,"column":71}},"11":{"start":{"line":14,"column":12},"end":{"line":35,"column":1}},"12":{"start":{"line":15,"column":19},"end":{"line":15,"column":44}},"13":{"start":{"line":16,"column":19},"end":{"line":16,"column":32}},"14":{"start":{"line":18,"column":2},"end":{"line":20,"column":9}},"15":{"start":{"line":19,"column":4},"end":{"line":19,"column":22}},"16":{"start":{"line":22,"column":2},"end":{"line":34,"column":4}},"17":{"start":{"line":37,"column":0},"end":{"line":37,"column":19}}},"fnMap":{"0":{"name":"(anonymous_7)","decl":{"start":{"line":11,"column":36},"end":{"line":11,"column":39}},"loc":{"start":{"line":11,"column":41},"end":{"line":11,"column":67}}},"1":{"name":"(anonymous_8)","decl":{"start":{"line":11,"column":41},"end":{"line":11,"column":49}},"loc":{"start":{"line":11,"column":41},"end":{"line":11,"column":67}}},"2":{"name":"(anonymous_9)","decl":{"start":{"line":12,"column":38},"end":{"line":12,"column":41}},"loc":{"start":{"line":12,"column":43},"end":{"line":12,"column":71}}},"3":{"name":"(anonymous_10)","decl":{"start":{"line":12,"column":43},"end":{"line":12,"column":51}},"loc":{"start":{"line":12,"column":43},"end":{"line":12,"column":71}}},"4":{"name":"(anonymous_11)","decl":{"start":{"line":14,"column":12},"end":{"line":14,"column":15}},"loc":{"start":{"line":14,"column":17},"end":{"line":35,"column":1}}},"5":{"name":"(anonymous_12)","decl":{"start":{"line":18,"column":12},"end":{"line":18,"column":15}},"loc":{"start":{"line":18,"column":17},"end":{"line":20,"column":3}}}},"branchMap":{"0":{"loc":{"start":{"line":25,"column":8},"end":{"line":26,"column":null}},"type":"cond-expr","locations":[{"start":{"line":25,"column":8},"end":{"line":26,"column":null}},{"start":{"line":29,"column":8},"end":{"line":30,"column":null}}]}},"s":{"0":1,"1":1,"2":1,"3":1,"4":1,"5":1,"6":1,"7":1,"8":2,"9":1,"10":2,"11":1,"12":2,"13":2,"14":2,"15":2,"16":2,"17":1},"f":{"0":1,"1":1,"2":1,"3":1,"4":2,"5":2},"b":{"0":[1,1]}}
,"/home/dennismai/dper/polyglotist/src/client/app/Authenticated/index.tsx": {"path":"/home/dennismai/dper/polyglotist/src/client/app/Authenticated/index.tsx","statementMap":{"0":{"start":{"line":1,"column":0},"end":{"line":1,"column":40}},"1":{"start":{"line":2,"column":0},"end":{"line":2,"column":42}},"2":{"start":{"line":3,"column":0},"end":{"line":3,"column":59}},"3":{"start":{"line":4,"column":0},"end":{"line":4,"column":20}},"4":{"start":{"line":6,"column":0},"end":{"line":6,"column":57}},"5":{"start":{"line":7,"column":0},"end":{"line":7,"column":49}},"6":{"start":{"line":9,"column":0},"end":{"line":9,"column":45}},"7":{"start":{"line":10,"column":0},"end":{"line":10,"column":57}},"8":{"start":{"line":11,"column":0},"end":{"line":11,"column":69}},"9":{"start":{"line":12,"column":0},"end":{"line":12,"column":46}},"10":{"start":{"line":13,"column":0},"end":{"line":13,"column":62}},"11":{"start":{"line":14,"column":0},"end":{"line":14,"column":52}},"12":{"start":{"line":15,"column":0},"end":{"line":15,"column":62}},"13":{"start":{"line":16,"column":0},"end":{"line":16,"column":50}},"14":{"start":{"line":17,"column":0},"end":{"line":17,"column":60}},"15":{"start":{"line":18,"column":0},"end":{"line":18,"column":52}},"16":{"start":{"line":19,"column":0},"end":{"line":19,"column":52}},"17":{"start":{"line":20,"column":0},"end":{"line":20,"column":66}},"18":{"start":{"line":21,"column":0},"end":{"line":21,"column":66}},"19":{"start":{"line":22,"column":0},"end":{"line":22,"column":55}},"20":{"start":{"line":23,"column":0},"end":{"line":23,"column":59}},"21":{"start":{"line":25,"column":0},"end":{"line":25,"column":45}},"22":{"start":{"line":27,"column":25},"end":{"line":97,"column":1}},"23":{"start":{"line":28,"column":19},"end":{"line":28,"column":48}},"24":{"start":{"line":29,"column":19},"end":{"line":29,"column":44}},"25":{"start":{"line":30,"column":23},"end":{"line":30,"column":27}},"26":{"start":{"line":31,"column":48},"end":{"line":31,"column":72}},"27":{"start":{"line":33,"column":2},"end":{"line":96,"column":4}},"28":{"start":{"line":44,"column":23},"end":{"line":44,"column":59}},"29":{"start":{"line":99,"column":0},"end":{"line":99,"column":32}}},"fnMap":{"0":{"name":"(anonymous_7)","decl":{"start":{"line":27,"column":25},"end":{"line":27,"column":28}},"loc":{"start":{"line":27,"column":30},"end":{"line":97,"column":1}}},"1":{"name":"(anonymous_8)","decl":{"start":{"line":44,"column":17},"end":{"line":44,"column":20}},"loc":{"start":{"line":44,"column":23},"end":{"line":44,"column":59}}}},"branchMap":{"0":{"loc":{"start":{"line":41,"column":39},"end":{"line":41,"column":44}},"type":"cond-expr","locations":[{"start":{"line":41,"column":39},"end":{"line":41,"column":44}},{"start":{"line":41,"column":47},"end":{"line":41,"column":51}}]},"1":{"loc":{"start":{"line":43,"column":37},"end":{"line":43,"column":58}},"type":"cond-expr","locations":[{"start":{"line":43,"column":37},"end":{"line":43,"column":58}},{"start":{"line":43,"column":61},"end":{"line":43,"column":78}}]},"2":{"loc":{"start":{"line":50,"column":12},"end":{"line":50,"column":25}},"type":"cond-expr","locations":[{"start":{"line":50,"column":12},"end":{"line":50,"column":25}},{"start":{"line":52,"column":14},"end":{"line":52,"column":61}}]},"3":{"loc":{"start":{"line":57,"column":12},"end":{"line":57,"column":53}},"type":"cond-expr","locations":[{"start":{"line":57,"column":12},"end":{"line":57,"column":53}},{"start":{"line":59,"column":14},"end":{"line":59,"column":35}}]},"4":{"loc":{"start":{"line":85,"column":12},"end":{"line":85,"column":28}},"type":"cond-expr","locations":[{"start":{"line":85,"column":12},"end":{"line":85,"column":28}},{"start":{"line":87,"column":14},"end":{"line":87,"column":61}}]}},"s":{"0":2,"1":2,"2":2,"3":2,"4":2,"5":2,"6":2,"7":2,"8":2,"9":2,"10":2,"11":2,"12":2,"13":2,"14":2,"15":2,"16":2,"17":2,"18":2,"19":2,"20":2,"21":2,"22":2,"23":4,"24":4,"25":4,"26":4,"27":4,"28":0,"29":2},"f":{"0":4,"1":0},"b":{"0":[1,3],"1":[1,3],"2":[3,1],"3":[3,1],"4":[3,1]}}
,"/home/dennismai/dper/polyglotist/src/client/app/Unauthenticated/index.tsx": {"path":"/home/dennismai/dper/polyglotist/src/client/app/Unauthenticated/index.tsx","statementMap":{"0":{"start":{"line":1,"column":0},"end":{"line":1,"column":26}},"1":{"start":{"line":2,"column":0},"end":{"line":2,"column":59}},"2":{"start":{"line":3,"column":0},"end":{"line":3,"column":20}},"3":{"start":{"line":5,"column":0},"end":{"line":5,"column":45}},"4":{"start":{"line":6,"column":0},"end":{"line":6,"column":50}},"5":{"start":{"line":7,"column":0},"end":{"line":7,"column":44}},"6":{"start":{"line":8,"column":0},"end":{"line":8,"column":50}},"7":{"start":{"line":9,"column":0},"end":{"line":9,"column":50}},"8":{"start":{"line":10,"column":0},"end":{"line":10,"column":55}},"9":{"start":{"line":12,"column":27},"end":{"line":42,"column":1}},"10":{"start":{"line":13,"column":2},"end":{"line":41,"column":4}},"11":{"start":{"line":44,"column":0},"end":{"line":44,"column":34}}},"fnMap":{"0":{"name":"(anonymous_1)","decl":{"start":{"line":12,"column":27},"end":{"line":12,"column":30}},"loc":{"start":{"line":12,"column":32},"end":{"line":42,"column":1}}}},"branchMap":{},"s":{"0":2,"1":2,"2":2,"3":2,"4":2,"5":2,"6":2,"7":2,"8":2,"9":2,"10":5,"11":2},"f":{"0":5},"b":{}}
,"/home/dennismai/dper/polyglotist/src/client/components/ArticleCard/index.tsx": {"path":"/home/dennismai/dper/polyglotist/src/client/components/ArticleCard/index.tsx","statementMap":{"0":{"start":{"line":1,"column":0},"end":{"line":1,"column":26}},"1":{"start":{"line":2,"column":0},"end":{"line":2,"column":40}},"2":{"start":{"line":5,"column":0},"end":{"line":5,"column":40}},"3":{"start":{"line":7,"column":0},"end":{"line":7,"column":47}},"4":{"start":{"line":9,"column":20},"end":{"line":65,"column":1}},"5":{"start":{"line":16,"column":63},"end":{"line":16,"column":68}},"6":{"start":{"line":17,"column":17},"end":{"line":17,"column":39}},"7":{"start":{"line":18,"column":18},"end":{"line":19,"column":null}},"8":{"start":{"line":21,"column":16},"end":{"line":21,"column":30}},"9":{"start":{"line":22,"column":17},"end":{"line":22,"column":35}},"10":{"start":{"line":23,"column":18},"end":{"line":23,"column":55}},"11":{"start":{"line":25,"column":23},"end":{"line":28,"column":26}},"12":{"start":{"line":26,"column":28},"end":{"line":26,"column":40}},"13":{"start":{"line":30,"column":26},"end":{"line":30,"column":55}},"14":{"start":{"line":31,"column":29},"end":{"line":31,"column":131}},"15":{"start":{"line":31,"column":103},"end":{"line":31,"column":122}},"16":{"start":{"line":33,"column":4},"end":{"line":64,"column":6}},"17":{"start":{"line":67,"column":0},"end":{"line":67,"column":27}}},"fnMap":{"0":{"name":"(anonymous_1)","decl":{"start":{"line":9,"column":20},"end":{"line":9,"column":21}},"loc":{"start":{"line":15,"column":5},"end":{"line":65,"column":1}}},"1":{"name":"(anonymous_2)","decl":{"start":{"line":26,"column":13},"end":{"line":26,"column":14}},"loc":{"start":{"line":26,"column":28},"end":{"line":26,"column":40}}},"2":{"name":"(anonymous_3)","decl":{"start":{"line":31,"column":50},"end":{"line":31,"column":51}},"loc":{"start":{"line":31,"column":103},"end":{"line":31,"column":122}}}},"branchMap":{"0":{"loc":{"start":{"line":36,"column":38},"end":{"line":36,"column":56}},"type":"cond-expr","locations":[{"start":{"line":36,"column":38},"end":{"line":36,"column":56}},{"start":{"line":36,"column":59},"end":{"line":36,"column":83}}]}},"s":{"0":2,"1":2,"2":2,"3":2,"4":2,"5":0,"6":0,"7":0,"8":0,"9":0,"10":0,"11":0,"12":0,"13":0,"14":0,"15":0,"16":0,"17":2},"f":{"0":0,"1":0,"2":0},"b":{"0":[0,0]}}
,"/home/dennismai/dper/polyglotist/src/client/components/BottomNavbar/index.tsx": {"path":"/home/dennismai/dper/polyglotist/src/client/components/BottomNavbar/index.tsx","statementMap":{"0":{"start":{"line":1,"column":0},"end":{"line":1,"column":51}},"1":{"start":{"line":2,"column":0},"end":{"line":2,"column":40}},"2":{"start":{"line":3,"column":0},"end":{"line":3,"column":42}},"3":{"start":{"line":5,"column":0},"end":{"line":5,"column":48}},"4":{"start":{"line":6,"column":0},"end":{"line":6,"column":49}},"5":{"start":{"line":8,"column":0},"end":{"line":8,"column":49}},"6":{"start":{"line":9,"column":0},"end":{"line":9,"column":41}},"7":{"start":{"line":10,"column":0},"end":{"line":10,"column":51}},"8":{"start":{"line":11,"column":0},"end":{"line":11,"column":47}},"9":{"start":{"line":13,"column":21},"end":{"line":48,"column":1}},"10":{"start":{"line":14,"column":19},"end":{"line":14,"column":44}},"11":{"start":{"line":15,"column":23},"end":{"line":15,"column":27}},"12":{"start":{"line":16,"column":34},"end":{"line":17,"column":null}},"13":{"start":{"line":20,"column":2},"end":{"line":30,"column":17}},"14":{"start":{"line":22,"column":6},"end":{"line":22,"column":58}},"15":{"start":{"line":25,"column":4},"end":{"line":25,"column":55}},"16":{"start":{"line":27,"column":4},"end":{"line":29,"column":6}},"17":{"start":{"line":28,"column":6},"end":{"line":28,"column":60}},"18":{"start":{"line":32,"column":2},"end":{"line":47,"column":4}},"19":{"start":{"line":50,"column":0},"end":{"line":50,"column":28}}},"fnMap":{"0":{"name":"(anonymous_7)","decl":{"start":{"line":13,"column":21},"end":{"line":13,"column":24}},"loc":{"start":{"line":13,"column":26},"end":{"line":48,"column":1}}},"1":{"name":"(anonymous_8)","decl":{"start":{"line":20,"column":12},"end":{"line":20,"column":15}},"loc":{"start":{"line":20,"column":17},"end":{"line":30,"column":3}}},"2":{"name":"listenLocation","decl":{"start":{"line":21,"column":13},"end":{"line":21,"column":27}},"loc":{"start":{"line":21,"column":27},"end":{"line":23,"column":5}}},"3":{"name":"(anonymous_10)","decl":{"start":{"line":27,"column":11},"end":{"line":27,"column":14}},"loc":{"start":{"line":27,"column":16},"end":{"line":29,"column":5}}}},"branchMap":{},"s":{"0":3,"1":3,"2":3,"3":3,"4":3,"5":3,"6":3,"7":3,"8":3,"9":3,"10":5,"11":5,"12":5,"13":5,"14":5,"15":4,"16":4,"17":4,"18":5,"19":3},"f":{"0":5,"1":4,"2":5,"3":4},"b":{}}
,"/home/dennismai/dper/polyglotist/src/client/components/CtaButton/index.tsx": {"path":"/home/dennismai/dper/polyglotist/src/client/components/CtaButton/index.tsx","statementMap":{"0":{"start":{"line":1,"column":0},"end":{"line":1,"column":26}},"1":{"start":{"line":2,"column":0},"end":{"line":2,"column":40}},"2":{"start":{"line":4,"column":0},"end":{"line":4,"column":45}},"3":{"start":{"line":6,"column":18},"end":{"line":12,"column":1}},"4":{"start":{"line":7,"column":2},"end":{"line":11,"column":4}},"5":{"start":{"line":14,"column":0},"end":{"line":14,"column":25}}},"fnMap":{"0":{"name":"(anonymous_1)","decl":{"start":{"line":6,"column":18},"end":{"line":6,"column":21}},"loc":{"start":{"line":6,"column":23},"end":{"line":12,"column":1}}}},"branchMap":{},"s":{"0":2,"1":2,"2":2,"3":2,"4":4,"5":2},"f":{"0":4},"b":{}}
,"/home/dennismai/dper/polyglotist/src/client/components/DefinePhraseButton/index.tsx": {"path":"/home/dennismai/dper/polyglotist/src/client/components/DefinePhraseButton/index.tsx","statementMap":{"0":{"start":{"line":1,"column":0},"end":{"line":1,"column":63}},"1":{"start":{"line":2,"column":0},"end":{"line":2,"column":55}},"2":{"start":{"line":3,"column":0},"end":{"line":3,"column":47}},"3":{"start":{"line":5,"column":0},"end":{"line":5,"column":54}},"4":{"start":{"line":16,"column":0},"end":{"line":16,"column":56}},"5":{"start":{"line":17,"column":0},"end":{"line":17,"column":39}},"6":{"start":{"line":19,"column":0},"end":{"line":19,"column":72}},"7":{"start":{"line":20,"column":0},"end":{"line":20,"column":49}},"8":{"start":{"line":22,"column":27},"end":{"line":381,"column":1}},"9":{"start":{"line":23,"column":52},"end":{"line":24,"column":null}},"10":{"start":{"line":26,"column":38},"end":{"line":26,"column":62}},"11":{"start":{"line":27,"column":19},"end":{"line":27,"column":32}},"12":{"start":{"line":31,"column":6},"end":{"line":31,"column":19}},"13":{"start":{"line":32,"column":23},"end":{"line":32,"column":63}},"14":{"start":{"line":34,"column":19},"end":{"line":34,"column":44}},"15":{"start":{"line":35,"column":23},"end":{"line":35,"column":52}},"16":{"start":{"line":37,"column":33},"end":{"line":39,"column":4}},"17":{"start":{"line":38,"column":4},"end":{"line":38,"column":null}},"18":{"start":{"line":42,"column":13},"end":{"line":42,"column":47}},"19":{"start":{"line":44,"column":4},"end":{"line":44,"column":83}},"20":{"start":{"line":44,"column":36},"end":{"line":44,"column":83}},"21":{"start":{"line":48,"column":2},"end":{"line":52,"column":null}},"22":{"start":{"line":49,"column":4},"end":{"line":51,"column":7}},"23":{"start":{"line":50,"column":6},"end":{"line":50,"column":null}},"24":{"start":{"line":54,"column":49},"end":{"line":58,"column":4}},"25":{"start":{"line":61,"column":4},"end":{"line":81,"column":null}},"26":{"start":{"line":63,"column":8},"end":{"line":66,"column":10}},"27":{"start":{"line":68,"column":8},"end":{"line":72,"column":10}},"28":{"start":{"line":74,"column":8},"end":{"line":78,"column":10}},"29":{"start":{"line":80,"column":8},"end":{"line":80,"column":28}},"30":{"start":{"line":84,"column":34},"end":{"line":86,"column":null}},"31":{"start":{"line":90,"column":4},"end":{"line":90,"column":24}},"32":{"start":{"line":91,"column":4},"end":{"line":91,"column":24}},"33":{"start":{"line":92,"column":4},"end":{"line":92,"column":38}},"34":{"start":{"line":94,"column":4},"end":{"line":94,"column":41}},"35":{"start":{"line":94,"column":34},"end":{"line":94,"column":41}},"36":{"start":{"line":96,"column":4},"end":{"line":125,"column":null}},"37":{"start":{"line":97,"column":21},"end":{"line":102,"column":8}},"38":{"start":{"line":104,"column":38},"end":{"line":104,"column":59}},"39":{"start":{"line":106,"column":6},"end":{"line":111,"column":null}},"40":{"start":{"line":107,"column":8},"end":{"line":110,"column":11}},"41":{"start":{"line":113,"column":6},"end":{"line":116,"column":9}},"42":{"start":{"line":118,"column":6},"end":{"line":118,"column":24}},"43":{"start":{"line":120,"column":6},"end":{"line":124,"column":9}},"44":{"start":{"line":144,"column":29},"end":{"line":170,"column":3}},"45":{"start":{"line":145,"column":54},"end":{"line":149,"column":6}},"46":{"start":{"line":151,"column":29},"end":{"line":151,"column":79}},"47":{"start":{"line":153,"column":4},"end":{"line":169,"column":null}},"48":{"start":{"line":155,"column":8},"end":{"line":155,"column":20}},"49":{"start":{"line":157,"column":8},"end":{"line":157,"column":42}},"50":{"start":{"line":159,"column":8},"end":{"line":159,"column":39}},"51":{"start":{"line":161,"column":8},"end":{"line":166,"column":10}},"52":{"start":{"line":168,"column":8},"end":{"line":168,"column":20}},"53":{"start":{"line":172,"column":36},"end":{"line":172,"column":63}},"54":{"start":{"line":175,"column":29},"end":{"line":175,"column":66}},"55":{"start":{"line":178,"column":22},"end":{"line":178,"column":56}},"56":{"start":{"line":179,"column":41},"end":{"line":179,"column":50}},"57":{"start":{"line":180,"column":28},"end":{"line":180,"column":46}},"58":{"start":{"line":182,"column":4},"end":{"line":188,"column":66}},"59":{"start":{"line":188,"column":6},"end":{"line":188,"column":66}},"60":{"start":{"line":189,"column":4},"end":{"line":189,"column":27}},"61":{"start":{"line":194,"column":16},"end":{"line":194,"column":17}},"62":{"start":{"line":195,"column":4},"end":{"line":197,"column":null}},"63":{"start":{"line":195,"column":17},"end":{"line":195,"column":18}},"64":{"start":{"line":196,"column":6},"end":{"line":196,"column":48}},"65":{"start":{"line":196,"column":34},"end":{"line":196,"column":48}},"66":{"start":{"line":203,"column":6},"end":{"line":205,"column":52}},"67":{"start":{"line":207,"column":20},"end":{"line":207,"column":49}},"68":{"start":{"line":209,"column":17},"end":{"line":214,"column":6}},"69":{"start":{"line":216,"column":4},"end":{"line":241,"column":null}},"70":{"start":{"line":217,"column":23},"end":{"line":223,"column":44}},"71":{"start":{"line":223,"column":28},"end":{"line":223,"column":43}},"72":{"start":{"line":225,"column":6},"end":{"line":225,"column":75}},"73":{"start":{"line":225,"column":46},"end":{"line":225,"column":75}},"74":{"start":{"line":227,"column":6},"end":{"line":238,"column":null}},"75":{"start":{"line":228,"column":8},"end":{"line":228,"column":32}},"76":{"start":{"line":229,"column":8},"end":{"line":229,"column":21}},"77":{"start":{"line":231,"column":8},"end":{"line":235,"column":16}},"78":{"start":{"line":232,"column":10},"end":{"line":232,"column":35}},"79":{"start":{"line":233,"column":10},"end":{"line":233,"column":31}},"80":{"start":{"line":234,"column":10},"end":{"line":234,"column":31}},"81":{"start":{"line":237,"column":8},"end":{"line":237,"column":30}},"82":{"start":{"line":240,"column":6},"end":{"line":240,"column":28}},"83":{"start":{"line":244,"column":26},"end":{"line":274,"column":3}},"84":{"start":{"line":245,"column":4},"end":{"line":273,"column":null}},"85":{"start":{"line":247,"column":8},"end":{"line":247,"column":64}},"86":{"start":{"line":249,"column":8},"end":{"line":253,"column":10}},"87":{"start":{"line":255,"column":8},"end":{"line":255,"column":64}},"88":{"start":{"line":257,"column":8},"end":{"line":272,"column":10}},"89":{"start":{"line":277,"column":4},"end":{"line":277,"column":25}},"90":{"start":{"line":278,"column":4},"end":{"line":278,"column":29}},"91":{"start":{"line":279,"column":4},"end":{"line":279,"column":51}},"92":{"start":{"line":279,"column":30},"end":{"line":279,"column":51}},"93":{"start":{"line":283,"column":4},"end":{"line":283,"column":25}},"94":{"start":{"line":284,"column":4},"end":{"line":284,"column":51}},"95":{"start":{"line":284,"column":30},"end":{"line":284,"column":51}},"96":{"start":{"line":285,"column":4},"end":{"line":285,"column":31}},"97":{"start":{"line":285,"column":11},"end":{"line":285,"column":31}},"98":{"start":{"line":289,"column":2},"end":{"line":312,"column":40}},"99":{"start":{"line":292,"column":30},"end":{"line":292,"column":51}},"100":{"start":{"line":294,"column":6},"end":{"line":298,"column":null}},"101":{"start":{"line":295,"column":8},"end":{"line":295,"column":44}},"102":{"start":{"line":297,"column":8},"end":{"line":297,"column":27}},"103":{"start":{"line":301,"column":6},"end":{"line":306,"column":null}},"104":{"start":{"line":302,"column":8},"end":{"line":302,"column":57}},"105":{"start":{"line":302,"column":34},"end":{"line":302,"column":57}},"106":{"start":{"line":304,"column":8},"end":{"line":304,"column":50}},"107":{"start":{"line":304,"column":27},"end":{"line":304,"column":50}},"108":{"start":{"line":305,"column":8},"end":{"line":305,"column":37}},"109":{"start":{"line":309,"column":4},"end":{"line":309,"column":63}},"110":{"start":{"line":311,"column":4},"end":{"line":311,"column":79}},"111":{"start":{"line":311,"column":17},"end":{"line":311,"column":78}},"112":{"start":{"line":316,"column":2},"end":{"line":321,"column":17}},"113":{"start":{"line":321,"column":4},"end":{"line":321,"column":17}},"114":{"start":{"line":323,"column":2},"end":{"line":380,"column":4}},"115":{"start":{"line":332,"column":24},"end":{"line":332,"column":47}},"116":{"start":{"line":346,"column":26},"end":{"line":346,"column":46}},"117":{"start":{"line":383,"column":0},"end":{"line":383,"column":34}}},"fnMap":{"0":{"name":"(anonymous_7)","decl":{"start":{"line":22,"column":27},"end":{"line":22,"column":30}},"loc":{"start":{"line":22,"column":32},"end":{"line":381,"column":1}}},"1":{"name":"(anonymous_8)","decl":{"start":{"line":37,"column":47},"end":{"line":37,"column":48}},"loc":{"start":{"line":37,"column":73},"end":{"line":39,"column":3}}},"2":{"name":"addArticle","decl":{"start":{"line":41,"column":11},"end":{"line":41,"column":21}},"loc":{"start":{"line":41,"column":21},"end":{"line":45,"column":3}}},"3":{"name":"(anonymous_10)","decl":{"start":{"line":48,"column":12},"end":{"line":48,"column":15}},"loc":{"start":{"line":48,"column":17},"end":{"line":52,"column":3}}},"4":{"name":"(anonymous_11)","decl":{"start":{"line":49,"column":36},"end":{"line":49,"column":37}},"loc":{"start":{"line":49,"column":62},"end":{"line":51,"column":5}}},"5":{"name":"transReducer","decl":{"start":{"line":60,"column":11},"end":{"line":60,"column":23}},"loc":{"start":{"line":60,"column":74},"end":{"line":82,"column":3}}},"6":{"name":"handleDefineClick","decl":{"start":{"line":89,"column":17},"end":{"line":89,"column":34}},"loc":{"start":{"line":89,"column":54},"end":{"line":142,"column":3}}},"7":{"name":"(anonymous_14)","decl":{"start":{"line":144,"column":29},"end":{"line":144,"column":32}},"loc":{"start":{"line":144,"column":34},"end":{"line":170,"column":3}}},"8":{"name":"handlePhraseSave","decl":{"start":{"line":174,"column":17},"end":{"line":174,"column":33}},"loc":{"start":{"line":174,"column":33},"end":{"line":242,"column":3}}},"9":{"name":"(anonymous_16)","decl":{"start":{"line":223,"column":14},"end":{"line":223,"column":15}},"loc":{"start":{"line":223,"column":28},"end":{"line":223,"column":43}}},"10":{"name":"(anonymous_17)","decl":{"start":{"line":231,"column":19},"end":{"line":231,"column":22}},"loc":{"start":{"line":231,"column":24},"end":{"line":235,"column":9}}},"11":{"name":"(anonymous_18)","decl":{"start":{"line":244,"column":26},"end":{"line":244,"column":29}},"loc":{"start":{"line":244,"column":31},"end":{"line":274,"column":3}}},"12":{"name":"handleCancelSave","decl":{"start":{"line":276,"column":11},"end":{"line":276,"column":27}},"loc":{"start":{"line":276,"column":27},"end":{"line":280,"column":3}}},"13":{"name":"closeDefinitionModal","decl":{"start":{"line":282,"column":11},"end":{"line":282,"column":31}},"loc":{"start":{"line":282,"column":52},"end":{"line":286,"column":3}}},"14":{"name":"(anonymous_21)","decl":{"start":{"line":289,"column":12},"end":{"line":289,"column":15}},"loc":{"start":{"line":289,"column":17},"end":{"line":312,"column":3}}},"15":{"name":"handleSelect","decl":{"start":{"line":290,"column":13},"end":{"line":290,"column":25}},"loc":{"start":{"line":290,"column":25},"end":{"line":307,"column":5}}},"16":{"name":"(anonymous_23)","decl":{"start":{"line":311,"column":11},"end":{"line":311,"column":14}},"loc":{"start":{"line":311,"column":17},"end":{"line":311,"column":78}}},"17":{"name":"(anonymous_24)","decl":{"start":{"line":332,"column":17},"end":{"line":332,"column":18}},"loc":{"start":{"line":332,"column":24},"end":{"line":332,"column":47}}},"18":{"name":"(anonymous_25)","decl":{"start":{"line":346,"column":19},"end":{"line":346,"column":20}},"loc":{"start":{"line":346,"column":26},"end":{"line":346,"column":46}}}},"branchMap":{"0":{"loc":{"start":{"line":32,"column":23},"end":{"line":32,"column":57}},"type":"binary-expr","locations":[{"start":{"line":32,"column":23},"end":{"line":32,"column":57}},{"start":{"line":32,"column":61},"end":{"line":32,"column":63}}]},"1":{"loc":{"start":{"line":32,"column":47},"end":{"line":32,"column":49}},"type":"cond-expr","locations":[{"start":{"line":32,"column":47},"end":{"line":32,"column":49}},{"start":{"line":32,"column":47},"end":{"line":32,"column":57}}]},"2":{"loc":{"start":{"line":32,"column":23},"end":{"line":32,"column":49}},"type":"binary-expr","locations":[{"start":{"line":32,"column":23},"end":{"line":32,"column":49}},{"start":{"line":32,"column":47},"end":{"line":32,"column":49}}]},"3":{"loc":{"start":{"line":32,"column":38},"end":{"line":32,"column":40}},"type":"cond-expr","locations":[{"start":{"line":32,"column":38},"end":{"line":32,"column":40}},{"start":{"line":32,"column":38},"end":{"line":32,"column":47}}]},"4":{"loc":{"start":{"line":32,"column":23},"end":{"line":32,"column":40}},"type":"binary-expr","locations":[{"start":{"line":32,"column":23},"end":{"line":32,"column":40}},{"start":{"line":32,"column":38},"end":{"line":32,"column":40}}]},"5":{"loc":{"start":{"line":32,"column":31},"end":{"line":32,"column":33}},"type":"cond-expr","locations":[{"start":{"line":32,"column":31},"end":{"line":32,"column":33}},{"start":{"line":32,"column":23},"end":{"line":32,"column":38}}]},"6":{"loc":{"start":{"line":32,"column":23},"end":{"line":32,"column":33}},"type":"binary-expr","locations":[{"start":{"line":32,"column":23},"end":{"line":32,"column":33}},{"start":{"line":32,"column":23},"end":{"line":32,"column":33}}]},"7":{"loc":{"start":{"line":38,"column":58},"end":{"line":38,"column":60}},"type":"cond-expr","locations":[{"start":{"line":38,"column":58},"end":{"line":38,"column":60}},{"start":{"line":38,"column":58},"end":{"line":38,"column":65}}]},"8":{"loc":{"start":{"line":38,"column":29},"end":{"line":38,"column":60}},"type":"binary-expr","locations":[{"start":{"line":38,"column":29},"end":{"line":38,"column":60}},{"start":{"line":38,"column":58},"end":{"line":38,"column":60}}]},"9":{"loc":{"start":{"line":38,"column":49},"end":{"line":38,"column":51}},"type":"cond-expr","locations":[{"start":{"line":38,"column":49},"end":{"line":38,"column":51}},{"start":{"line":38,"column":49},"end":{"line":38,"column":58}}]},"10":{"loc":{"start":{"line":38,"column":29},"end":{"line":38,"column":51}},"type":"binary-expr","locations":[{"start":{"line":38,"column":29},"end":{"line":38,"column":51}},{"start":{"line":38,"column":49},"end":{"line":38,"column":51}}]},"11":{"loc":{"start":{"line":38,"column":42},"end":{"line":38,"column":44}},"type":"cond-expr","locations":[{"start":{"line":38,"column":42},"end":{"line":38,"column":44}},{"start":{"line":38,"column":34},"end":{"line":38,"column":49}}]},"12":{"loc":{"start":{"line":38,"column":34},"end":{"line":38,"column":44}},"type":"binary-expr","locations":[{"start":{"line":38,"column":34},"end":{"line":38,"column":44}},{"start":{"line":38,"column":34},"end":{"line":38,"column":44}}]},"13":{"loc":{"start":{"line":42,"column":40},"end":{"line":42,"column":42}},"type":"cond-expr","locations":[{"start":{"line":42,"column":40},"end":{"line":42,"column":42}},{"start":{"line":42,"column":40},"end":{"line":42,"column":47}}]},"14":{"loc":{"start":{"line":42,"column":13},"end":{"line":42,"column":42}},"type":"binary-expr","locations":[{"start":{"line":42,"column":13},"end":{"line":42,"column":42}},{"start":{"line":42,"column":40},"end":{"line":42,"column":42}}]},"15":{"loc":{"start":{"line":42,"column":31},"end":{"line":42,"column":33}},"type":"cond-expr","locations":[{"start":{"line":42,"column":31},"end":{"line":42,"column":33}},{"start":{"line":42,"column":31},"end":{"line":42,"column":40}}]},"16":{"loc":{"start":{"line":42,"column":13},"end":{"line":42,"column":33}},"type":"binary-expr","locations":[{"start":{"line":42,"column":13},"end":{"line":42,"column":33}},{"start":{"line":42,"column":31},"end":{"line":42,"column":33}}]},"17":{"loc":{"start":{"line":42,"column":24},"end":{"line":42,"column":26}},"type":"cond-expr","locations":[{"start":{"line":42,"column":24},"end":{"line":42,"column":26}},{"start":{"line":42,"column":16},"end":{"line":42,"column":31}}]},"18":{"loc":{"start":{"line":42,"column":16},"end":{"line":42,"column":26}},"type":"binary-expr","locations":[{"start":{"line":42,"column":16},"end":{"line":42,"column":26}},{"start":{"line":42,"column":16},"end":{"line":42,"column":26}}]},"19":{"loc":{"start":{"line":44,"column":4},"end":{"line":44,"column":83}},"type":"if","locations":[{"start":{"line":44,"column":4},"end":{"line":44,"column":83}},{"start":{"line":44,"column":4},"end":{"line":44,"column":83}}]},"20":{"loc":{"start":{"line":44,"column":8},"end":{"line":44,"column":13}},"type":"binary-expr","locations":[{"start":{"line":44,"column":8},"end":{"line":44,"column":13}},{"start":{"line":44,"column":17},"end":{"line":44,"column":33}}]},"21":{"loc":{"start":{"line":50,"column":60},"end":{"line":50,"column":62}},"type":"cond-expr","locations":[{"start":{"line":50,"column":60},"end":{"line":50,"column":62}},{"start":{"line":50,"column":60},"end":{"line":50,"column":67}}]},"22":{"loc":{"start":{"line":50,"column":31},"end":{"line":50,"column":62}},"type":"binary-expr","locations":[{"start":{"line":50,"column":31},"end":{"line":50,"column":62}},{"start":{"line":50,"column":60},"end":{"line":50,"column":62}}]},"23":{"loc":{"start":{"line":50,"column":51},"end":{"line":50,"column":53}},"type":"cond-expr","locations":[{"start":{"line":50,"column":51},"end":{"line":50,"column":53}},{"start":{"line":50,"column":51},"end":{"line":50,"column":60}}]},"24":{"loc":{"start":{"line":50,"column":31},"end":{"line":50,"column":53}},"type":"binary-expr","locations":[{"start":{"line":50,"column":31},"end":{"line":50,"column":53}},{"start":{"line":50,"column":51},"end":{"line":50,"column":53}}]},"25":{"loc":{"start":{"line":50,"column":44},"end":{"line":50,"column":46}},"type":"cond-expr","locations":[{"start":{"line":50,"column":44},"end":{"line":50,"column":46}},{"start":{"line":50,"column":36},"end":{"line":50,"column":51}}]},"26":{"loc":{"start":{"line":50,"column":36},"end":{"line":50,"column":46}},"type":"binary-expr","locations":[{"start":{"line":50,"column":36},"end":{"line":50,"column":46}},{"start":{"line":50,"column":36},"end":{"line":50,"column":46}}]},"27":{"loc":{"start":{"line":62,"column":6},"end":{"line":66,"column":10}},"type":"switch","locations":[{"start":{"line":62,"column":6},"end":{"line":66,"column":10}},{"start":{"line":67,"column":6},"end":{"line":72,"column":10}},{"start":{"line":73,"column":6},"end":{"line":78,"column":10}},{"start":{"line":79,"column":6},"end":{"line":80,"column":28}}]},"28":{"loc":{"start":{"line":94,"column":4},"end":{"line":94,"column":41}},"type":"if","locations":[{"start":{"line":94,"column":4},"end":{"line":94,"column":41}},{"start":{"line":94,"column":4},"end":{"line":94,"column":41}}]},"29":{"loc":{"start":{"line":106,"column":6},"end":{"line":111,"column":null}},"type":"if","locations":[{"start":{"line":106,"column":6},"end":{"line":111,"column":null}},{"start":{"line":106,"column":6},"end":{"line":111,"column":null}}]},"30":{"loc":{"start":{"line":151,"column":66},"end":{"line":151,"column":68}},"type":"cond-expr","locations":[{"start":{"line":151,"column":66},"end":{"line":151,"column":68}},{"start":{"line":151,"column":66},"end":{"line":151,"column":76}}]},"31":{"loc":{"start":{"line":151,"column":42},"end":{"line":151,"column":68}},"type":"binary-expr","locations":[{"start":{"line":151,"column":42},"end":{"line":151,"column":68}},{"start":{"line":151,"column":66},"end":{"line":151,"column":68}}]},"32":{"loc":{"start":{"line":151,"column":57},"end":{"line":151,"column":59}},"type":"cond-expr","locations":[{"start":{"line":151,"column":57},"end":{"line":151,"column":59}},{"start":{"line":151,"column":57},"end":{"line":151,"column":66}}]},"33":{"loc":{"start":{"line":151,"column":42},"end":{"line":151,"column":59}},"type":"binary-expr","locations":[{"start":{"line":151,"column":42},"end":{"line":151,"column":59}},{"start":{"line":151,"column":57},"end":{"line":151,"column":59}}]},"34":{"loc":{"start":{"line":151,"column":50},"end":{"line":151,"column":52}},"type":"cond-expr","locations":[{"start":{"line":151,"column":50},"end":{"line":151,"column":52}},{"start":{"line":151,"column":42},"end":{"line":151,"column":57}}]},"35":{"loc":{"start":{"line":151,"column":42},"end":{"line":151,"column":52}},"type":"binary-expr","locations":[{"start":{"line":151,"column":42},"end":{"line":151,"column":52}},{"start":{"line":151,"column":42},"end":{"line":151,"column":52}}]},"36":{"loc":{"start":{"line":154,"column":6},"end":{"line":155,"column":20}},"type":"switch","locations":[{"start":{"line":154,"column":6},"end":{"line":155,"column":20}},{"start":{"line":156,"column":6},"end":{"line":157,"column":42}},{"start":{"line":158,"column":6},"end":{"line":159,"column":39}},{"start":{"line":160,"column":6},"end":{"line":166,"column":10}},{"start":{"line":167,"column":6},"end":{"line":168,"column":20}}]},"37":{"loc":{"start":{"line":175,"column":29},"end":{"line":175,"column":58}},"type":"binary-expr","locations":[{"start":{"line":175,"column":29},"end":{"line":175,"column":58}},{"start":{"line":175,"column":62},"end":{"line":175,"column":66}}]},"38":{"loc":{"start":{"line":175,"column":53},"end":{"line":175,"column":55}},"type":"cond-expr","locations":[{"start":{"line":175,"column":53},"end":{"line":175,"column":55}},{"start":{"line":175,"column":53},"end":{"line":175,"column":58}}]},"39":{"loc":{"start":{"line":175,"column":29},"end":{"line":175,"column":55}},"type":"binary-expr","locations":[{"start":{"line":175,"column":29},"end":{"line":175,"column":55}},{"start":{"line":175,"column":53},"end":{"line":175,"column":55}}]},"40":{"loc":{"start":{"line":175,"column":44},"end":{"line":175,"column":46}},"type":"cond-expr","locations":[{"start":{"line":175,"column":44},"end":{"line":175,"column":46}},{"start":{"line":175,"column":44},"end":{"line":175,"column":53}}]},"41":{"loc":{"start":{"line":175,"column":29},"end":{"line":175,"column":46}},"type":"binary-expr","locations":[{"start":{"line":175,"column":29},"end":{"line":175,"column":46}},{"start":{"line":175,"column":44},"end":{"line":175,"column":46}}]},"42":{"loc":{"start":{"line":175,"column":37},"end":{"line":175,"column":39}},"type":"cond-expr","locations":[{"start":{"line":175,"column":37},"end":{"line":175,"column":39}},{"start":{"line":175,"column":29},"end":{"line":175,"column":44}}]},"43":{"loc":{"start":{"line":175,"column":29},"end":{"line":175,"column":39}},"type":"binary-expr","locations":[{"start":{"line":175,"column":29},"end":{"line":175,"column":39}},{"start":{"line":175,"column":29},"end":{"line":175,"column":39}}]},"44":{"loc":{"start":{"line":182,"column":4},"end":{"line":188,"column":66}},"type":"if","locations":[{"start":{"line":182,"column":4},"end":{"line":188,"column":66}},{"start":{"line":182,"column":4},"end":{"line":188,"column":66}}]},"45":{"loc":{"start":{"line":183,"column":6},"end":{"line":183,"column":24}},"type":"binary-expr","locations":[{"start":{"line":183,"column":6},"end":{"line":183,"column":24}},{"start":{"line":184,"column":6},"end":{"line":184,"column":10}},{"start":{"line":185,"column":6},"end":{"line":185,"column":33}},{"start":{"line":186,"column":6},"end":{"line":186,"column":26}}]},"46":{"loc":{"start":{"line":196,"column":6},"end":{"line":196,"column":48}},"type":"if","locations":[{"start":{"line":196,"column":6},"end":{"line":196,"column":48}},{"start":{"line":196,"column":6},"end":{"line":196,"column":48}}]},"47":{"loc":{"start":{"line":204,"column":10},"end":{"line":204,"column":32}},"type":"cond-expr","locations":[{"start":{"line":204,"column":10},"end":{"line":204,"column":32}},{"start":{"line":205,"column":10},"end":{"line":205,"column":52}}]},"48":{"loc":{"start":{"line":225,"column":6},"end":{"line":225,"column":75}},"type":"if","locations":[{"start":{"line":225,"column":6},"end":{"line":225,"column":75}},{"start":{"line":225,"column":6},"end":{"line":225,"column":75}}]},"49":{"loc":{"start":{"line":225,"column":36},"end":{"line":225,"column":38}},"type":"cond-expr","locations":[{"start":{"line":225,"column":36},"end":{"line":225,"column":38}},{"start":{"line":225,"column":36},"end":{"line":225,"column":43}}]},"50":{"loc":{"start":{"line":225,"column":11},"end":{"line":225,"column":38}},"type":"binary-expr","locations":[{"start":{"line":225,"column":11},"end":{"line":225,"column":38}},{"start":{"line":225,"column":36},"end":{"line":225,"column":38}}]},"51":{"loc":{"start":{"line":225,"column":27},"end":{"line":225,"column":29}},"type":"cond-expr","locations":[{"start":{"line":225,"column":27},"end":{"line":225,"column":29}},{"start":{"line":225,"column":27},"end":{"line":225,"column":36}}]},"52":{"loc":{"start":{"line":225,"column":11},"end":{"line":225,"column":29}},"type":"binary-expr","locations":[{"start":{"line":225,"column":11},"end":{"line":225,"column":29}},{"start":{"line":225,"column":27},"end":{"line":225,"column":29}}]},"53":{"loc":{"start":{"line":225,"column":20},"end":{"line":225,"column":22}},"type":"cond-expr","locations":[{"start":{"line":225,"column":20},"end":{"line":225,"column":22}},{"start":{"line":225,"column":12},"end":{"line":225,"column":27}}]},"54":{"loc":{"start":{"line":225,"column":12},"end":{"line":225,"column":22}},"type":"binary-expr","locations":[{"start":{"line":225,"column":12},"end":{"line":225,"column":22}},{"start":{"line":225,"column":12},"end":{"line":225,"column":22}}]},"55":{"loc":{"start":{"line":227,"column":6},"end":{"line":238,"column":null}},"type":"if","locations":[{"start":{"line":227,"column":6},"end":{"line":238,"column":null}},{"start":{"line":227,"column":6},"end":{"line":238,"column":null}}]},"56":{"loc":{"start":{"line":246,"column":6},"end":{"line":247,"column":64}},"type":"switch","locations":[{"start":{"line":246,"column":6},"end":{"line":247,"column":64}},{"start":{"line":248,"column":6},"end":{"line":253,"column":10}},{"start":{"line":254,"column":6},"end":{"line":255,"column":64}},{"start":{"line":256,"column":6},"end":{"line":272,"column":10}}]},"57":{"loc":{"start":{"line":279,"column":4},"end":{"line":279,"column":51}},"type":"if","locations":[{"start":{"line":279,"column":4},"end":{"line":279,"column":51}},{"start":{"line":279,"column":4},"end":{"line":279,"column":51}}]},"58":{"loc":{"start":{"line":284,"column":4},"end":{"line":284,"column":51}},"type":"if","locations":[{"start":{"line":284,"column":4},"end":{"line":284,"column":51}},{"start":{"line":284,"column":4},"end":{"line":284,"column":51}}]},"59":{"loc":{"start":{"line":285,"column":4},"end":{"line":285,"column":31}},"type":"if","locations":[{"start":{"line":285,"column":4},"end":{"line":285,"column":31}},{"start":{"line":285,"column":4},"end":{"line":285,"column":31}}]},"60":{"loc":{"start":{"line":294,"column":6},"end":{"line":298,"column":null}},"type":"if","locations":[{"start":{"line":294,"column":6},"end":{"line":298,"column":null}},{"start":{"line":294,"column":6},"end":{"line":298,"column":null}}]},"61":{"loc":{"start":{"line":301,"column":6},"end":{"line":306,"column":null}},"type":"if","locations":[{"start":{"line":301,"column":6},"end":{"line":306,"column":null}},{"start":{"line":301,"column":6},"end":{"line":306,"column":null}}]},"62":{"loc":{"start":{"line":301,"column":10},"end":{"line":301,"column":25}},"type":"binary-expr","locations":[{"start":{"line":301,"column":10},"end":{"line":301,"column":25}},{"start":{"line":301,"column":29},"end":{"line":301,"column":49}}]},"63":{"loc":{"start":{"line":302,"column":8},"end":{"line":302,"column":57}},"type":"if","locations":[{"start":{"line":302,"column":8},"end":{"line":302,"column":57}},{"start":{"line":302,"column":8},"end":{"line":302,"column":57}}]},"64":{"loc":{"start":{"line":304,"column":8},"end":{"line":304,"column":50}},"type":"if","locations":[{"start":{"line":304,"column":8},"end":{"line":304,"column":50}},{"start":{"line":304,"column":8},"end":{"line":304,"column":50}}]},"65":{"loc":{"start":{"line":316,"column":2},"end":{"line":321,"column":17}},"type":"if","locations":[{"start":{"line":316,"column":2},"end":{"line":321,"column":17}},{"start":{"line":316,"column":2},"end":{"line":321,"column":17}}]},"66":{"loc":{"start":{"line":317,"column":4},"end":{"line":317,"column":27}},"type":"binary-expr","locations":[{"start":{"line":317,"column":4},"end":{"line":317,"column":27}},{"start":{"line":318,"column":4},"end":{"line":318,"column":32}},{"start":{"line":319,"column":4},"end":{"line":319,"column":25}}]},"67":{"loc":{"start":{"line":326,"column":34},"end":{"line":326,"column":39}},"type":"cond-expr","locations":[{"start":{"line":326,"column":34},"end":{"line":326,"column":39}},{"start":{"line":326,"column":42},"end":{"line":326,"column":46}}]},"68":{"loc":{"start":{"line":329,"column":14},"end":{"line":329,"column":63}},"type":"cond-expr","locations":[{"start":{"line":329,"column":14},"end":{"line":329,"column":63}},{"start":{"line":330,"column":14},"end":{"line":330,"column":32}}]},"69":{"loc":{"start":{"line":338,"column":14},"end":{"line":338,"column":48}},"type":"cond-expr","locations":[{"start":{"line":338,"column":14},"end":{"line":338,"column":48}},{"start":{"line":339,"column":14},"end":{"line":342,"column":42}}]},"70":{"loc":{"start":{"line":340,"column":16},"end":{"line":340,"column":50}},"type":"cond-expr","locations":[{"start":{"line":340,"column":16},"end":{"line":340,"column":50}},{"start":{"line":342,"column":14},"end":{"line":342,"column":42}}]},"71":{"loc":{"start":{"line":348,"column":64},"end":{"line":348,"column":68}},"type":"cond-expr","locations":[{"start":{"line":348,"column":64},"end":{"line":348,"column":68}},{"start":{"line":348,"column":71},"end":{"line":348,"column":76}}]},"72":{"loc":{"start":{"line":348,"column":23},"end":{"line":348,"column":47}},"type":"binary-expr","locations":[{"start":{"line":348,"column":23},"end":{"line":348,"column":47}},{"start":{"line":348,"column":51},"end":{"line":348,"column":61}}]},"73":{"loc":{"start":{"line":354,"column":25},"end":{"line":354,"column":49}},"type":"cond-expr","locations":[{"start":{"line":354,"column":25},"end":{"line":354,"column":49}},{"start":{"line":354,"column":52},"end":{"line":354,"column":78}}]},"74":{"loc":{"start":{"line":356,"column":36},"end":{"line":356,"column":41}},"type":"cond-expr","locations":[{"start":{"line":356,"column":36},"end":{"line":356,"column":41}},{"start":{"line":356,"column":44},"end":{"line":356,"column":48}}]},"75":{"loc":{"start":{"line":365,"column":14},"end":{"line":365,"column":44}},"type":"cond-expr","locations":[{"start":{"line":365,"column":14},"end":{"line":365,"column":44}},{"start":{"line":366,"column":14},"end":{"line":366,"column":40}}]},"76":{"loc":{"start":{"line":364,"column":10},"end":{"line":364,"column":20}},"type":"binary-expr","locations":[{"start":{"line":364,"column":10},"end":{"line":364,"column":20}},{"start":{"line":364,"column":24},"end":{"line":364,"column":48}}]},"77":{"loc":{"start":{"line":368,"column":62},"end":{"line":368,"column":67}},"type":"cond-expr","locations":[{"start":{"line":368,"column":62},"end":{"line":368,"column":67}},{"start":{"line":368,"column":70},"end":{"line":368,"column":74}}]},"78":{"loc":{"start":{"line":368,"column":21},"end":{"line":368,"column":31}},"type":"binary-expr","locations":[{"start":{"line":368,"column":21},"end":{"line":368,"column":31}},{"start":{"line":368,"column":35},"end":{"line":368,"column":59}}]},"79":{"loc":{"start":{"line":371,"column":9},"end":{"line":371,"column":30}},"type":"binary-expr","locations":[{"start":{"line":371,"column":9},"end":{"line":371,"column":30}},{"start":{"line":372,"column":10},"end":{"line":372,"column":null}}]}},"s":{"0":2,"1":2,"2":2,"3":2,"4":2,"5":2,"6":2,"7":2,"8":2,"9":8,"10":8,"11":8,"12":8,"13":8,"14":8,"15":8,"16":8,"17":0,"18":0,"19":0,"20":0,"21":8,"22":3,"23":0,"24":8,"25":0,"26":0,"27":0,"28":0,"29":0,"30":8,"31":0,"32":0,"33":0,"34":0,"35":0,"36":0,"37":0,"38":0,"39":0,"40":0,"41":0,"42":0,"43":0,"44":8,"45":0,"46":0,"47":0,"48":0,"49":0,"50":0,"51":0,"52":0,"53":8,"54":0,"55":0,"56":0,"57":0,"58":0,"59":0,"60":0,"61":0,"62":0,"63":0,"64":0,"65":0,"66":0,"67":0,"68":0,"69":0,"70":0,"71":0,"72":0,"73":0,"74":0,"75":0,"76":0,"77":0,"78":0,"79":0,"80":0,"81":0,"82":0,"83":8,"84":0,"85":0,"86":0,"87":0,"88":0,"89":0,"90":0,"91":0,"92":0,"93":0,"94":0,"95":0,"96":0,"97":0,"98":8,"99":0,"100":0,"101":0,"102":0,"103":0,"104":0,"105":0,"106":0,"107":0,"108":0,"109":8,"110":8,"111":8,"112":8,"113":8,"114":0,"115":0,"116":0,"117":2},"f":{"0":8,"1":0,"2":0,"3":3,"4":0,"5":0,"6":0,"7":0,"8":0,"9":0,"10":0,"11":0,"12":0,"13":0,"14":8,"15":0,"16":8,"17":0,"18":0},"b":{"0":[8,8],"1":[8,0],"2":[8,8],"3":[8,0],"4":[8,8],"5":[0,8],"6":[8,8],"7":[0,0],"8":[0,0],"9":[0,0],"10":[0,0],"11":[0,0],"12":[0,0],"13":[0,0],"14":[0,0],"15":[0,0],"16":[0,0],"17":[0,0],"18":[0,0],"19":[0,0],"20":[0,0],"21":[0,0],"22":[0,0],"23":[0,0],"24":[0,0],"25":[0,0],"26":[0,0],"27":[0,0,0,0],"28":[0,0],"29":[0,0],"30":[0,0],"31":[0,0],"32":[0,0],"33":[0,0],"34":[0,0],"35":[0,0],"36":[0,0,0,0,0],"37":[0,0],"38":[0,0],"39":[0,0],"40":[0,0],"41":[0,0],"42":[0,0],"43":[0,0],"44":[0,0],"45":[0,0,0,0],"46":[0,0],"47":[0,0],"48":[0,0],"49":[0,0],"50":[0,0],"51":[0,0],"52":[0,0],"53":[0,0],"54":[0,0],"55":[0,0],"56":[0,0,0,0],"57":[0,0],"58":[0,0],"59":[0,0],"60":[0,0],"61":[0,0],"62":[0,0],"63":[0,0],"64":[0,0],"65":[8,0],"66":[8,8,0],"67":[0,0],"68":[0,0],"69":[0,0],"70":[0,0],"71":[0,0],"72":[0,0],"73":[0,0],"74":[0,0],"75":[0,0],"76":[0,0],"77":[0,0],"78":[0,0],"79":[0,0]}}
,"/home/dennismai/dper/polyglotist/src/client/components/GoBackButton/index.tsx": {"path":"/home/dennismai/dper/polyglotist/src/client/components/GoBackButton/index.tsx","statementMap":{"0":{"start":{"line":1,"column":0},"end":{"line":1,"column":26}},"1":{"start":{"line":2,"column":0},"end":{"line":2,"column":46}},"2":{"start":{"line":4,"column":0},"end":{"line":4,"column":42}},"3":{"start":{"line":5,"column":0},"end":{"line":5,"column":57}},"4":{"start":{"line":7,"column":21},"end":{"line":19,"column":1}},"5":{"start":{"line":8,"column":18},"end":{"line":8,"column":30}},"6":{"start":{"line":11,"column":4},"end":{"line":11,"column":19}},"7":{"start":{"line":14,"column":2},"end":{"line":18,"column":4}},"8":{"start":{"line":21,"column":0},"end":{"line":21,"column":28}}},"fnMap":{"0":{"name":"(anonymous_1)","decl":{"start":{"line":7,"column":21},"end":{"line":7,"column":24}},"loc":{"start":{"line":7,"column":26},"end":{"line":19,"column":1}}},"1":{"name":"handleClick","decl":{"start":{"line":10,"column":11},"end":{"line":10,"column":22}},"loc":{"start":{"line":10,"column":22},"end":{"line":12,"column":3}}}},"branchMap":{},"s":{"0":3,"1":3,"2":3,"3":3,"4":3,"5":2,"6":1,"7":2,"8":3},"f":{"0":2,"1":1},"b":{}}
,"/home/dennismai/dper/polyglotist/src/client/components/LoadingIndicator/index.tsx": {"path":"/home/dennismai/dper/polyglotist/src/client/components/LoadingIndicator/index.tsx","statementMap":{"0":{"start":{"line":1,"column":0},"end":{"line":1,"column":26}},"1":{"start":{"line":3,"column":0},"end":{"line":3,"column":43}},"2":{"start":{"line":5,"column":25},"end":{"line":33,"column":1}},"3":{"start":{"line":6,"column":2},"end":{"line":32,"column":4}},"4":{"start":{"line":35,"column":0},"end":{"line":35,"column":32}}},"fnMap":{"0":{"name":"(anonymous_1)","decl":{"start":{"line":5,"column":25},"end":{"line":5,"column":28}},"loc":{"start":{"line":5,"column":30},"end":{"line":33,"column":1}}}},"branchMap":{},"s":{"0":3,"1":3,"2":3,"3":2,"4":3},"f":{"0":2},"b":{}}
,"/home/dennismai/dper/polyglotist/src/client/components/Navbar/index.tsx": {"path":"/home/dennismai/dper/polyglotist/src/client/components/Navbar/index.tsx","statementMap":{"0":{"start":{"line":1,"column":0},"end":{"line":1,"column":51}},"1":{"start":{"line":2,"column":0},"end":{"line":2,"column":53}},"2":{"start":{"line":3,"column":0},"end":{"line":3,"column":55}},"3":{"start":{"line":4,"column":0},"end":{"line":4,"column":39}},"4":{"start":{"line":6,"column":0},"end":{"line":6,"column":57}},"5":{"start":{"line":7,"column":0},"end":{"line":7,"column":57}},"6":{"start":{"line":9,"column":0},"end":{"line":9,"column":42}},"7":{"start":{"line":10,"column":0},"end":{"line":10,"column":37}},"8":{"start":{"line":11,"column":0},"end":{"line":11,"column":47}},"9":{"start":{"line":15,"column":12},"end":{"line":62,"column":1}},"10":{"start":{"line":16,"column":29},"end":{"line":16,"column":34}},"11":{"start":{"line":17,"column":28},"end":{"line":17,"column":30}},"12":{"start":{"line":18,"column":19},"end":{"line":18,"column":32}},"13":{"start":{"line":19,"column":28},"end":{"line":19,"column":42}},"14":{"start":{"line":21,"column":2},"end":{"line":42,"column":24}},"15":{"start":{"line":22,"column":4},"end":{"line":41,"column":null}},"16":{"start":{"line":24,"column":28},"end":{"line":24,"column":62}},"17":{"start":{"line":25,"column":8},"end":{"line":26,"column":32}},"18":{"start":{"line":26,"column":10},"end":{"line":26,"column":32}},"19":{"start":{"line":30,"column":8},"end":{"line":30,"column":44}},"20":{"start":{"line":30,"column":23},"end":{"line":30,"column":37}},"21":{"start":{"line":33,"column":6},"end":{"line":36,"column":8}},"22":{"start":{"line":38,"column":6},"end":{"line":40,"column":8}},"23":{"start":{"line":39,"column":8},"end":{"line":39,"column":63}},"24":{"start":{"line":44,"column":2},"end":{"line":61,"column":4}},"25":{"start":{"line":64,"column":18},"end":{"line":71,"column":1}},"26":{"start":{"line":65,"column":2},"end":{"line":70,"column":4}},"27":{"start":{"line":73,"column":16},"end":{"line":130,"column":1}},"28":{"start":{"line":78,"column":23},"end":{"line":78,"column":27}},"29":{"start":{"line":79,"column":19},"end":{"line":79,"column":32}},"30":{"start":{"line":80,"column":19},"end":{"line":80,"column":48}},"31":{"start":{"line":83,"column":4},"end":{"line":83,"column":23}},"32":{"start":{"line":87,"column":4},"end":{"line":87,"column":41}},"33":{"start":{"line":90,"column":2},"end":{"line":129,"column":4}},"34":{"start":{"line":132,"column":15},"end":{"line":148,"column":1}},"35":{"start":{"line":133,"column":19},"end":{"line":133,"column":44}},"36":{"start":{"line":135,"column":2},"end":{"line":147,"column":4}},"37":{"start":{"line":150,"column":0},"end":{"line":150,"column":22}}},"fnMap":{"0":{"name":"(anonymous_7)","decl":{"start":{"line":15,"column":12},"end":{"line":15,"column":13}},"loc":{"start":{"line":15,"column":27},"end":{"line":62,"column":1}}},"1":{"name":"(anonymous_8)","decl":{"start":{"line":21,"column":12},"end":{"line":21,"column":15}},"loc":{"start":{"line":21,"column":17},"end":{"line":42,"column":3}}},"2":{"name":"listenScroll","decl":{"start":{"line":23,"column":15},"end":{"line":23,"column":27}},"loc":{"start":{"line":23,"column":27},"end":{"line":27,"column":7}}},"3":{"name":"throttleScroll","decl":{"start":{"line":29,"column":15},"end":{"line":29,"column":29}},"loc":{"start":{"line":29,"column":29},"end":{"line":31,"column":7}}},"4":{"name":"(anonymous_11)","decl":{"start":{"line":30,"column":17},"end":{"line":30,"column":20}},"loc":{"start":{"line":30,"column":23},"end":{"line":30,"column":37}}},"5":{"name":"(anonymous_12)","decl":{"start":{"line":38,"column":13},"end":{"line":38,"column":16}},"loc":{"start":{"line":38,"column":18},"end":{"line":40,"column":7}}},"6":{"name":"(anonymous_13)","decl":{"start":{"line":64,"column":18},"end":{"line":64,"column":21}},"loc":{"start":{"line":64,"column":23},"end":{"line":71,"column":1}}},"7":{"name":"(anonymous_14)","decl":{"start":{"line":73,"column":16},"end":{"line":73,"column":17}},"loc":{"start":{"line":77,"column":19},"end":{"line":130,"column":1}}},"8":{"name":"onLogoutClick","decl":{"start":{"line":82,"column":11},"end":{"line":82,"column":24}},"loc":{"start":{"line":82,"column":24},"end":{"line":84,"column":3}}},"9":{"name":"handleButtonClick","decl":{"start":{"line":86,"column":11},"end":{"line":86,"column":28}},"loc":{"start":{"line":86,"column":28},"end":{"line":88,"column":3}}},"10":{"name":"(anonymous_17)","decl":{"start":{"line":132,"column":15},"end":{"line":132,"column":16}},"loc":{"start":{"line":132,"column":72},"end":{"line":148,"column":1}}}},"branchMap":{"0":{"loc":{"start":{"line":22,"column":4},"end":{"line":41,"column":null}},"type":"if","locations":[{"start":{"line":22,"column":4},"end":{"line":41,"column":null}},{"start":{"line":22,"column":4},"end":{"line":41,"column":null}}]},"1":{"loc":{"start":{"line":25,"column":8},"end":{"line":26,"column":32}},"type":"if","locations":[{"start":{"line":25,"column":8},"end":{"line":26,"column":32}},{"start":{"line":25,"column":8},"end":{"line":26,"column":32}}]},"2":{"loc":{"start":{"line":25,"column":13},"end":{"line":25,"column":24}},"type":"binary-expr","locations":[{"start":{"line":25,"column":13},"end":{"line":25,"column":24}},{"start":{"line":25,"column":28},"end":{"line":25,"column":34}},{"start":{"line":25,"column":40},"end":{"line":25,"column":52}},{"start":{"line":25,"column":56},"end":{"line":25,"column":61}}]},"3":{"loc":{"start":{"line":48,"column":12},"end":{"line":48,"column":25}},"type":"cond-expr","locations":[{"start":{"line":48,"column":12},"end":{"line":48,"column":25}},{"start":{"line":49,"column":12},"end":{"line":49,"column":49}}]},"4":{"loc":{"start":{"line":47,"column":8},"end":{"line":47,"column":13}},"type":"binary-expr","locations":[{"start":{"line":47,"column":8},"end":{"line":47,"column":13}},{"start":{"line":47,"column":17},"end":{"line":47,"column":42}}]},"5":{"loc":{"start":{"line":53,"column":25},"end":{"line":53,"column":54}},"type":"cond-expr","locations":[{"start":{"line":53,"column":25},"end":{"line":53,"column":54}},{"start":{"line":53,"column":57},"end":{"line":53,"column":60}}]},"6":{"loc":{"start":{"line":55,"column":32},"end":{"line":55,"column":37}},"type":"binary-expr","locations":[{"start":{"line":55,"column":32},"end":{"line":55,"column":37}},{"start":{"line":55,"column":41},"end":{"line":55,"column":66}}]},"7":{"loc":{"start":{"line":105,"column":28},"end":{"line":105,"column":50}},"type":"cond-expr","locations":[{"start":{"line":105,"column":28},"end":{"line":105,"column":50}},{"start":{"line":105,"column":53},"end":{"line":105,"column":71}}]},"8":{"loc":{"start":{"line":108,"column":39},"end":{"line":108,"column":44}},"type":"cond-expr","locations":[{"start":{"line":108,"column":39},"end":{"line":108,"column":44}},{"start":{"line":108,"column":47},"end":{"line":108,"column":51}}]},"9":{"loc":{"start":{"line":115,"column":12},"end":{"line":115,"column":null}},"type":"cond-expr","locations":[{"start":{"line":115,"column":12},"end":{"line":115,"column":null}},{"start":{"line":119,"column":12},"end":{"line":119,"column":null}}]},"10":{"loc":{"start":{"line":138,"column":8},"end":{"line":141,"column":null}},"type":"cond-expr","locations":[{"start":{"line":138,"column":8},"end":{"line":141,"column":null}},{"start":{"line":144,"column":8},"end":{"line":144,"column":21}}]},"11":{"loc":{"start":{"line":137,"column":7},"end":{"line":137,"column":11}},"type":"binary-expr","locations":[{"start":{"line":137,"column":7},"end":{"line":137,"column":11}},{"start":{"line":137,"column":15},"end":{"line":137,"column":44}},{"start":{"line":137,"column":48},"end":{"line":137,"column":66}}]}},"s":{"0":3,"1":3,"2":3,"3":3,"4":3,"5":3,"6":3,"7":3,"8":3,"9":3,"10":18,"11":18,"12":18,"13":18,"14":18,"15":17,"16":0,"17":0,"18":0,"19":0,"20":0,"21":2,"22":2,"23":2,"24":18,"25":3,"26":5,"27":3,"28":4,"29":4,"30":4,"31":0,"32":1,"33":4,"34":3,"35":9,"36":9,"37":3},"f":{"0":18,"1":17,"2":0,"3":0,"4":0,"5":2,"6":5,"7":4,"8":0,"9":1,"10":9},"b":{"0":[2,15],"1":[0,0],"2":[0,0,0,0],"3":[2,16],"4":[18,18],"5":[8,10],"6":[18,18],"7":[1,3],"8":[1,3],"9":[3,1],"10":[4,5],"11":[9,4,4]}}
,"/home/dennismai/dper/polyglotist/src/client/components/NoMatchPage/index.tsx": {"path":"/home/dennismai/dper/polyglotist/src/client/components/NoMatchPage/index.tsx","statementMap":{"0":{"start":{"line":1,"column":0},"end":{"line":1,"column":26}},"1":{"start":{"line":3,"column":20},"end":{"line":10,"column":1}},"2":{"start":{"line":4,"column":2},"end":{"line":9,"column":null}},"3":{"start":{"line":12,"column":0},"end":{"line":12,"column":27}}},"fnMap":{"0":{"name":"(anonymous_1)","decl":{"start":{"line":3,"column":20},"end":{"line":3,"column":23}},"loc":{"start":{"line":3,"column":25},"end":{"line":10,"column":1}}}},"branchMap":{},"s":{"0":3,"1":3,"2":2,"3":3},"f":{"0":2},"b":{}}
,"/home/dennismai/dper/polyglotist/src/client/components/PracticeQuestion/index.tsx": {"path":"/home/dennismai/dper/polyglotist/src/client/components/PracticeQuestion/index.tsx","statementMap":{"0":{"start":{"line":1,"column":0},"end":{"line":1,"column":59}},"1":{"start":{"line":2,"column":0},"end":{"line":2,"column":40}},"2":{"start":{"line":4,"column":0},"end":{"line":4,"column":52}},"3":{"start":{"line":6,"column":25},"end":{"line":176,"column":1}},"4":{"start":{"line":31,"column":38},"end":{"line":31,"column":50}},"5":{"start":{"line":32,"column":42},"end":{"line":32,"column":57}},"6":{"start":{"line":33,"column":42},"end":{"line":33,"column":57}},"7":{"start":{"line":34,"column":23},"end":{"line":34,"column":107}},"8":{"start":{"line":35,"column":25},"end":{"line":35,"column":56}},"9":{"start":{"line":36,"column":24},"end":{"line":36,"column":55}},"10":{"start":{"line":37,"column":27},"end":{"line":37,"column":58}},"11":{"start":{"line":40,"column":12},"end":{"line":40,"column":38}},"12":{"start":{"line":41,"column":12},"end":{"line":41,"column":30}},"13":{"start":{"line":45,"column":12},"end":{"line":47,"column":null}},"14":{"start":{"line":46,"column":16},"end":{"line":46,"column":31}},"15":{"start":{"line":50,"column":8},"end":{"line":54,"column":null}},"16":{"start":{"line":51,"column":12},"end":{"line":53,"column":null}},"17":{"start":{"line":52,"column":16},"end":{"line":52,"column":43}},"18":{"start":{"line":56,"column":8},"end":{"line":64,"column":null}},"19":{"start":{"line":57,"column":12},"end":{"line":59,"column":null}},"20":{"start":{"line":58,"column":16},"end":{"line":58,"column":42}},"21":{"start":{"line":61,"column":12},"end":{"line":63,"column":null}},"22":{"start":{"line":62,"column":16},"end":{"line":62,"column":45}},"23":{"start":{"line":66,"column":8},"end":{"line":85,"column":null}},"24":{"start":{"line":67,"column":12},"end":{"line":84,"column":null}},"25":{"start":{"line":87,"column":8},"end":{"line":175,"column":null}},"26":{"start":{"line":102,"column":38},"end":{"line":102,"column":63}},"27":{"start":{"line":106,"column":40},"end":{"line":106,"column":55}},"28":{"start":{"line":114,"column":40},"end":{"line":114,"column":74}},"29":{"start":{"line":114,"column":64},"end":{"line":114,"column":73}},"30":{"start":{"line":160,"column":48},"end":{"line":160,"column":64}},"31":{"start":{"line":171,"column":40},"end":{"line":171,"column":54}},"32":{"start":{"line":178,"column":0},"end":{"line":178,"column":32}}},"fnMap":{"0":{"name":"(anonymous_7)","decl":{"start":{"line":6,"column":25},"end":{"line":6,"column":26}},"loc":{"start":{"line":30,"column":9},"end":{"line":176,"column":1}}},"1":{"name":"handleAnswer","decl":{"start":{"line":39,"column":17},"end":{"line":39,"column":29}},"loc":{"start":{"line":39,"column":29},"end":{"line":42,"column":9}}},"2":{"name":"onEnterPress","decl":{"start":{"line":44,"column":17},"end":{"line":44,"column":29}},"loc":{"start":{"line":44,"column":65},"end":{"line":48,"column":9}}},"3":{"name":"(anonymous_10)","decl":{"start":{"line":50,"column":18},"end":{"line":50,"column":21}},"loc":{"start":{"line":50,"column":23},"end":{"line":54,"column":9}}},"4":{"name":"(anonymous_11)","decl":{"start":{"line":56,"column":18},"end":{"line":56,"column":21}},"loc":{"start":{"line":56,"column":23},"end":{"line":64,"column":9}}},"5":{"name":"(anonymous_12)","decl":{"start":{"line":102,"column":31},"end":{"line":102,"column":32}},"loc":{"start":{"line":102,"column":38},"end":{"line":102,"column":63}}},"6":{"name":"(anonymous_13)","decl":{"start":{"line":106,"column":33},"end":{"line":106,"column":34}},"loc":{"start":{"line":106,"column":40},"end":{"line":106,"column":55}}},"7":{"name":"(anonymous_14)","decl":{"start":{"line":114,"column":34},"end":{"line":114,"column":37}},"loc":{"start":{"line":114,"column":40},"end":{"line":114,"column":74}}},"8":{"name":"(anonymous_15)","decl":{"start":{"line":114,"column":52},"end":{"line":114,"column":60}},"loc":{"start":{"line":114,"column":64},"end":{"line":114,"column":73}}},"9":{"name":"(anonymous_16)","decl":{"start":{"line":160,"column":42},"end":{"line":160,"column":45}},"loc":{"start":{"line":160,"column":48},"end":{"line":160,"column":64}}},"10":{"name":"(anonymous_17)","decl":{"start":{"line":171,"column":34},"end":{"line":171,"column":37}},"loc":{"start":{"line":171,"column":40},"end":{"line":171,"column":54}}}},"branchMap":{"0":{"loc":{"start":{"line":34,"column":101},"end":{"line":34,"column":102}},"type":"cond-expr","locations":[{"start":{"line":34,"column":101},"end":{"line":34,"column":102}},{"start":{"line":34,"column":105},"end":{"line":34,"column":107}}]},"1":{"loc":{"start":{"line":45,"column":12},"end":{"line":47,"column":null}},"type":"if","locations":[{"start":{"line":45,"column":12},"end":{"line":47,"column":null}},{"start":{"line":45,"column":12},"end":{"line":47,"column":null}}]},"2":{"loc":{"start":{"line":51,"column":12},"end":{"line":53,"column":null}},"type":"if","locations":[{"start":{"line":51,"column":12},"end":{"line":53,"column":null}},{"start":{"line":51,"column":12},"end":{"line":53,"column":null}}]},"3":{"loc":{"start":{"line":52,"column":33},"end":{"line":52,"column":35}},"type":"cond-expr","locations":[{"start":{"line":52,"column":33},"end":{"line":52,"column":35}},{"start":{"line":52,"column":33},"end":{"line":52,"column":43}}]},"4":{"loc":{"start":{"line":52,"column":16},"end":{"line":52,"column":35}},"type":"binary-expr","locations":[{"start":{"line":52,"column":16},"end":{"line":52,"column":35}},{"start":{"line":52,"column":33},"end":{"line":52,"column":35}}]},"5":{"loc":{"start":{"line":52,"column":24},"end":{"line":52,"column":26}},"type":"cond-expr","locations":[{"start":{"line":52,"column":24},"end":{"line":52,"column":26}},{"start":{"line":52,"column":16},"end":{"line":52,"column":33}}]},"6":{"loc":{"start":{"line":52,"column":16},"end":{"line":52,"column":26}},"type":"binary-expr","locations":[{"start":{"line":52,"column":16},"end":{"line":52,"column":26}},{"start":{"line":52,"column":16},"end":{"line":52,"column":26}}]},"7":{"loc":{"start":{"line":57,"column":12},"end":{"line":59,"column":null}},"type":"if","locations":[{"start":{"line":57,"column":12},"end":{"line":59,"column":null}},{"start":{"line":57,"column":12},"end":{"line":59,"column":null}}]},"8":{"loc":{"start":{"line":58,"column":32},"end":{"line":58,"column":34}},"type":"cond-expr","locations":[{"start":{"line":58,"column":32},"end":{"line":58,"column":34}},{"start":{"line":58,"column":32},"end":{"line":58,"column":42}}]},"9":{"loc":{"start":{"line":58,"column":16},"end":{"line":58,"column":34}},"type":"binary-expr","locations":[{"start":{"line":58,"column":16},"end":{"line":58,"column":34}},{"start":{"line":58,"column":32},"end":{"line":58,"column":34}}]},"10":{"loc":{"start":{"line":58,"column":23},"end":{"line":58,"column":25}},"type":"cond-expr","locations":[{"start":{"line":58,"column":23},"end":{"line":58,"column":25}},{"start":{"line":58,"column":16},"end":{"line":58,"column":32}}]},"11":{"loc":{"start":{"line":58,"column":16},"end":{"line":58,"column":25}},"type":"binary-expr","locations":[{"start":{"line":58,"column":16},"end":{"line":58,"column":25}},{"start":{"line":58,"column":16},"end":{"line":58,"column":25}}]},"12":{"loc":{"start":{"line":61,"column":12},"end":{"line":63,"column":null}},"type":"if","locations":[{"start":{"line":61,"column":12},"end":{"line":63,"column":null}},{"start":{"line":61,"column":12},"end":{"line":63,"column":null}}]},"13":{"loc":{"start":{"line":62,"column":35},"end":{"line":62,"column":37}},"type":"cond-expr","locations":[{"start":{"line":62,"column":35},"end":{"line":62,"column":37}},{"start":{"line":62,"column":35},"end":{"line":62,"column":45}}]},"14":{"loc":{"start":{"line":62,"column":16},"end":{"line":62,"column":37}},"type":"binary-expr","locations":[{"start":{"line":62,"column":16},"end":{"line":62,"column":37}},{"start":{"line":62,"column":35},"end":{"line":62,"column":37}}]},"15":{"loc":{"start":{"line":62,"column":26},"end":{"line":62,"column":28}},"type":"cond-expr","locations":[{"start":{"line":62,"column":26},"end":{"line":62,"column":28}},{"start":{"line":62,"column":16},"end":{"line":62,"column":35}}]},"16":{"loc":{"start":{"line":62,"column":16},"end":{"line":62,"column":28}},"type":"binary-expr","locations":[{"start":{"line":62,"column":16},"end":{"line":62,"column":28}},{"start":{"line":62,"column":16},"end":{"line":62,"column":28}}]},"17":{"loc":{"start":{"line":66,"column":8},"end":{"line":85,"column":null}},"type":"if","locations":[{"start":{"line":66,"column":8},"end":{"line":85,"column":null}},{"start":{"line":66,"column":8},"end":{"line":85,"column":null}}]},"18":{"loc":{"start":{"line":71,"column":24},"end":{"line":71,"column":55}},"type":"cond-expr","locations":[{"start":{"line":71,"column":24},"end":{"line":71,"column":55}},{"start":{"line":72,"column":24},"end":{"line":72,"column":54}}]},"19":{"loc":{"start":{"line":92,"column":20},"end":{"line":92,"column":51}},"type":"cond-expr","locations":[{"start":{"line":92,"column":20},"end":{"line":92,"column":51}},{"start":{"line":93,"column":20},"end":{"line":93,"column":50}}]},"20":{"loc":{"start":{"line":110,"column":20},"end":{"line":110,"column":29}},"type":"binary-expr","locations":[{"start":{"line":110,"column":20},"end":{"line":110,"column":29}},{"start":{"line":111,"column":20},"end":{"line":116,"column":null}}]},"21":{"loc":{"start":{"line":113,"column":47},"end":{"line":113,"column":61}},"type":"cond-expr","locations":[{"start":{"line":113,"column":47},"end":{"line":113,"column":61}},{"start":{"line":113,"column":64},"end":{"line":113,"column":82}}]},"22":{"loc":{"start":{"line":116,"column":37},"end":{"line":116,"column":48}},"type":"cond-expr","locations":[{"start":{"line":116,"column":37},"end":{"line":116,"column":48}},{"start":{"line":116,"column":51},"end":{"line":116,"column":62}}]},"23":{"loc":{"start":{"line":121,"column":55},"end":{"line":121,"column":71}},"type":"cond-expr","locations":[{"start":{"line":121,"column":55},"end":{"line":121,"column":71}},{"start":{"line":121,"column":74},"end":{"line":121,"column":91}}]},"24":{"loc":{"start":{"line":121,"column":31},"end":{"line":121,"column":39}},"type":"binary-expr","locations":[{"start":{"line":121,"column":31},"end":{"line":121,"column":39}},{"start":{"line":121,"column":43},"end":{"line":121,"column":52}}]},"25":{"loc":{"start":{"line":127,"column":20},"end":{"line":164,"column":null}},"type":"cond-expr","locations":[{"start":{"line":127,"column":20},"end":{"line":164,"column":null}},{"start":{"line":168,"column":20},"end":{"line":171,"column":null}}]},"26":{"loc":{"start":{"line":130,"column":28},"end":{"line":130,"column":54}},"type":"cond-expr","locations":[{"start":{"line":130,"column":28},"end":{"line":130,"column":54}},{"start":{"line":131,"column":28},"end":{"line":144,"column":null}}]},"27":{"loc":{"start":{"line":150,"column":28},"end":{"line":153,"column":null}},"type":"cond-expr","locations":[{"start":{"line":150,"column":28},"end":{"line":153,"column":null}},{"start":{"line":157,"column":28},"end":{"line":161,"column":null}}]}},"s":{"0":2,"1":2,"2":2,"3":2,"4":0,"5":0,"6":0,"7":0,"8":0,"9":0,"10":0,"11":0,"12":0,"13":0,"14":0,"15":0,"16":0,"17":0,"18":0,"19":0,"20":0,"21":0,"22":0,"23":0,"24":0,"25":0,"26":0,"27":0,"28":0,"29":0,"30":0,"31":0,"32":2},"f":{"0":0,"1":0,"2":0,"3":0,"4":0,"5":0,"6":0,"7":0,"8":0,"9":0,"10":0},"b":{"0":[0,0],"1":[0,0],"2":[0,0],"3":[0,0],"4":[0,0],"5":[0,0],"6":[0,0],"7":[0,0],"8":[0,0],"9":[0,0],"10":[0,0],"11":[0,0],"12":[0,0],"13":[0,0],"14":[0,0],"15":[0,0],"16":[0,0],"17":[0,0],"18":[0,0],"19":[0,0],"20":[0,0],"21":[0,0],"22":[0,0],"23":[0,0],"24":[0,0],"25":[0,0],"26":[0,0],"27":[0,0]}}
,"/home/dennismai/dper/polyglotist/src/client/components/ServerMessage/index.tsx": {"path":"/home/dennismai/dper/polyglotist/src/client/components/ServerMessage/index.tsx","statementMap":{"0":{"start":{"line":1,"column":0},"end":{"line":1,"column":41}},"1":{"start":{"line":2,"column":0},"end":{"line":2,"column":55}},"2":{"start":{"line":3,"column":0},"end":{"line":3,"column":47}},"3":{"start":{"line":5,"column":0},"end":{"line":5,"column":70}},"4":{"start":{"line":7,"column":0},"end":{"line":7,"column":51}},"5":{"start":{"line":9,"column":0},"end":{"line":9,"column":49}},"6":{"start":{"line":11,"column":22},"end":{"line":46,"column":1}},"7":{"start":{"line":12,"column":22},"end":{"line":12,"column":50}},"8":{"start":{"line":13,"column":19},"end":{"line":13,"column":32}},"9":{"start":{"line":14,"column":19},"end":{"line":14,"column":32}},"10":{"start":{"line":17,"column":4},"end":{"line":17,"column":33}},"11":{"start":{"line":21,"column":2},"end":{"line":34,"column":17}},"12":{"start":{"line":22,"column":18},"end":{"line":22,"column":22}},"13":{"start":{"line":24,"column":4},"end":{"line":28,"column":17}},"14":{"start":{"line":25,"column":6},"end":{"line":27,"column":null}},"15":{"start":{"line":26,"column":8},"end":{"line":26,"column":26}},"16":{"start":{"line":31,"column":4},"end":{"line":33,"column":null}},"17":{"start":{"line":32,"column":6},"end":{"line":32,"column":22}},"18":{"start":{"line":36,"column":2},"end":{"line":45,"column":null}},"19":{"start":{"line":37,"column":4},"end":{"line":42,"column":6}},"20":{"start":{"line":44,"column":4},"end":{"line":44,"column":16}},"21":{"start":{"line":48,"column":0},"end":{"line":48,"column":29}}},"fnMap":{"0":{"name":"(anonymous_7)","decl":{"start":{"line":11,"column":22},"end":{"line":11,"column":25}},"loc":{"start":{"line":11,"column":27},"end":{"line":46,"column":1}}},"1":{"name":"closeMessageBox","decl":{"start":{"line":16,"column":11},"end":{"line":16,"column":26}},"loc":{"start":{"line":16,"column":26},"end":{"line":18,"column":3}}},"2":{"name":"(anonymous_9)","decl":{"start":{"line":21,"column":12},"end":{"line":21,"column":15}},"loc":{"start":{"line":21,"column":17},"end":{"line":34,"column":3}}},"3":{"name":"(anonymous_10)","decl":{"start":{"line":24,"column":15},"end":{"line":24,"column":18}},"loc":{"start":{"line":24,"column":20},"end":{"line":28,"column":5}}},"4":{"name":"cleanup","decl":{"start":{"line":31,"column":20},"end":{"line":31,"column":27}},"loc":{"start":{"line":31,"column":27},"end":{"line":33,"column":5}}}},"branchMap":{"0":{"loc":{"start":{"line":25,"column":6},"end":{"line":27,"column":null}},"type":"if","locations":[{"start":{"line":25,"column":6},"end":{"line":27,"column":null}},{"start":{"line":25,"column":6},"end":{"line":27,"column":null}}]},"1":{"loc":{"start":{"line":25,"column":11},"end":{"line":25,"column":18}},"type":"binary-expr","locations":[{"start":{"line":25,"column":11},"end":{"line":25,"column":18}},{"start":{"line":25,"column":22},"end":{"line":25,"column":29}}]},"2":{"loc":{"start":{"line":36,"column":2},"end":{"line":45,"column":null}},"type":"if","locations":[{"start":{"line":36,"column":2},"end":{"line":45,"column":null}},{"start":{"line":36,"column":2},"end":{"line":45,"column":null}}]}},"s":{"0":3,"1":3,"2":3,"3":3,"4":3,"5":3,"6":3,"7":14,"8":14,"9":14,"10":0,"11":14,"12":13,"13":13,"14":0,"15":0,"16":13,"17":13,"18":14,"19":0,"20":14,"21":3},"f":{"0":14,"1":0,"2":13,"3":0,"4":13},"b":{"0":[0,0],"1":[0,0],"2":[0,14]}}
,"/home/dennismai/dper/polyglotist/src/client/components/SourceList/index.tsx": {"path":"/home/dennismai/dper/polyglotist/src/client/components/SourceList/index.tsx","statementMap":{"0":{"start":{"line":1,"column":0},"end":{"line":1,"column":26}},"1":{"start":{"line":4,"column":0},"end":{"line":4,"column":46}},"2":{"start":{"line":6,"column":13},"end":{"line":86,"column":2}},"3":{"start":{"line":88,"column":19},"end":{"line":132,"column":1}},"4":{"start":{"line":94,"column":58},"end":{"line":94,"column":63}},"5":{"start":{"line":96,"column":2},"end":{"line":131,"column":4}},"6":{"start":{"line":103,"column":39},"end":{"line":103,"column":42}},"7":{"start":{"line":104,"column":12},"end":{"line":126,"column":14}},"8":{"start":{"line":120,"column":36},"end":{"line":120,"column":77}},"9":{"start":{"line":134,"column":0},"end":{"line":134,"column":26}}},"fnMap":{"0":{"name":"(anonymous_1)","decl":{"start":{"line":88,"column":19},"end":{"line":88,"column":20}},"loc":{"start":{"line":93,"column":5},"end":{"line":132,"column":1}}},"1":{"name":"(anonymous_2)","decl":{"start":{"line":102,"column":10},"end":{"line":102,"column":11}},"loc":{"start":{"line":102,"column":62},"end":{"line":127,"column":11}}},"2":{"name":"(anonymous_3)","decl":{"start":{"line":120,"column":30},"end":{"line":120,"column":33}},"loc":{"start":{"line":120,"column":36},"end":{"line":120,"column":77}}}},"branchMap":{"0":{"loc":{"start":{"line":110,"column":24},"end":{"line":110,"column":42}},"type":"cond-expr","locations":[{"start":{"line":110,"column":24},"end":{"line":110,"column":42}},{"start":{"line":111,"column":24},"end":{"line":111,"column":44}}]}},"s":{"0":2,"1":2,"2":2,"3":2,"4":0,"5":0,"6":0,"7":0,"8":0,"9":2},"f":{"0":0,"1":0,"2":0},"b":{"0":[0,0]}}
,"/home/dennismai/dper/polyglotist/src/client/components/Strength/index.tsx": {"path":"/home/dennismai/dper/polyglotist/src/client/components/Strength/index.tsx","statementMap":{"0":{"start":{"line":1,"column":0},"end":{"line":1,"column":26}},"1":{"start":{"line":3,"column":0},"end":{"line":3,"column":41}},"2":{"start":{"line":4,"column":0},"end":{"line":4,"column":41}},"3":{"start":{"line":5,"column":0},"end":{"line":5,"column":41}},"4":{"start":{"line":6,"column":0},"end":{"line":6,"column":41}},"5":{"start":{"line":7,"column":0},"end":{"line":7,"column":41}},"6":{"start":{"line":9,"column":17},"end":{"line":22,"column":1}},"7":{"start":{"line":10,"column":4},"end":{"line":21,"column":null}},"8":{"start":{"line":12,"column":10},"end":{"line":12,"column":28}},"9":{"start":{"line":14,"column":10},"end":{"line":14,"column":28}},"10":{"start":{"line":16,"column":10},"end":{"line":16,"column":28}},"11":{"start":{"line":18,"column":10},"end":{"line":18,"column":28}},"12":{"start":{"line":20,"column":10},"end":{"line":20,"column":28}},"13":{"start":{"line":24,"column":0},"end":{"line":24,"column":24}}},"fnMap":{"0":{"name":"(anonymous_1)","decl":{"start":{"line":9,"column":17},"end":{"line":9,"column":18}},"loc":{"start":{"line":9,"column":53},"end":{"line":22,"column":1}}}},"branchMap":{"0":{"loc":{"start":{"line":11,"column":8},"end":{"line":12,"column":28}},"type":"switch","locations":[{"start":{"line":11,"column":8},"end":{"line":12,"column":28}},{"start":{"line":13,"column":8},"end":{"line":14,"column":28}},{"start":{"line":15,"column":8},"end":{"line":16,"column":28}},{"start":{"line":17,"column":8},"end":{"line":18,"column":28}},{"start":{"line":19,"column":8},"end":{"line":20,"column":28}}]}},"s":{"0":2,"1":2,"2":2,"3":2,"4":2,"5":2,"6":2,"7":0,"8":0,"9":0,"10":0,"11":0,"12":0,"13":2},"f":{"0":0},"b":{"0":[0,0,0,0,0]}}
,"/home/dennismai/dper/polyglotist/src/client/components/Timer/index.tsx": {"path":"/home/dennismai/dper/polyglotist/src/client/components/Timer/index.tsx","statementMap":{"0":{"start":{"line":1,"column":0},"end":{"line":1,"column":26}},"1":{"start":{"line":3,"column":0},"end":{"line":3,"column":41}},"2":{"start":{"line":5,"column":14},"end":{"line":15,"column":1}},"3":{"start":{"line":6,"column":17},"end":{"line":6,"column":26}},"4":{"start":{"line":7,"column":20},"end":{"line":7,"column":53}},"5":{"start":{"line":9,"column":4},"end":{"line":14,"column":null}},"6":{"start":{"line":17,"column":0},"end":{"line":17,"column":21}}},"fnMap":{"0":{"name":"(anonymous_1)","decl":{"start":{"line":5,"column":14},"end":{"line":5,"column":15}},"loc":{"start":{"line":5,"column":42},"end":{"line":15,"column":1}}}},"branchMap":{"0":{"loc":{"start":{"line":7,"column":33},"end":{"line":7,"column":42}},"type":"cond-expr","locations":[{"start":{"line":7,"column":33},"end":{"line":7,"column":42}},{"start":{"line":7,"column":45},"end":{"line":7,"column":53}}]},"1":{"loc":{"start":{"line":12,"column":37},"end":{"line":12,"column":51}},"type":"cond-expr","locations":[{"start":{"line":12,"column":37},"end":{"line":12,"column":51}},{"start":{"line":12,"column":54},"end":{"line":12,"column":56}}]}},"s":{"0":2,"1":2,"2":2,"3":0,"4":0,"5":0,"6":2},"f":{"0":0},"b":{"0":[0,0],"1":[0,0]}}
[...]
,"/home/dennismai/dper/polyglotist/src/client/slices/practice.ts": {"path":"/home/dennismai/dper/polyglotist/src/client/slices/practice.ts","statementMap":{"0":{"start":{"line":1,"column":0},"end":{"line":1,"column":47}},"1":{"start":{"line":2,"column":0},"end":{"line":2,"column":37}},"2":{"start":{"line":3,"column":0},"end":{"line":3,"column":41}},"3":{"start":{"line":7,"column":13},"end":{"line":14,"column":null}},"4":{"start":{"line":16,"column":22},"end":{"line":75,"column":2}},"5":{"start":{"line":21,"column":29},"end":{"line":21,"column":41}},"6":{"start":{"line":23,"column":12},"end":{"line":23,"column":45}},"7":{"start":{"line":24,"column":12},"end":{"line":24,"column":28}},"8":{"start":{"line":27,"column":29},"end":{"line":27,"column":41}},"9":{"start":{"line":29,"column":12},"end":{"line":29,"column":46}},"10":{"start":{"line":30,"column":12},"end":{"line":30,"column":48}},"11":{"start":{"line":31,"column":12},"end":{"line":31,"column":47}},"12":{"start":{"line":32,"column":12},"end":{"line":32,"column":28}},"13":{"start":{"line":35,"column":29},"end":{"line":35,"column":41}},"14":{"start":{"line":37,"column":12},"end":{"line":37,"column":46}},"15":{"start":{"line":38,"column":12},"end":{"line":38,"column":47}},"16":{"start":{"line":39,"column":12},"end":{"line":39,"column":28}},"17":{"start":{"line":42,"column":29},"end":{"line":42,"column":41}},"18":{"start":{"line":44,"column":12},"end":{"line":44,"column":43}},"19":{"start":{"line":45,"column":12},"end":{"line":45,"column":28}},"20":{"start":{"line":48,"column":29},"end":{"line":48,"column":41}},"21":{"start":{"line":50,"column":12},"end":{"line":50,"column":44}},"22":{"start":{"line":51,"column":12},"end":{"line":51,"column":46}},"23":{"start":{"line":53,"column":12},"end":{"line":53,"column":72}},"24":{"start":{"line":55,"column":12},"end":{"line":55,"column":28}},"25":{"start":{"line":58,"column":29},"end":{"line":58,"column":41}},"26":{"start":{"line":60,"column":12},"end":{"line":60,"column":44}},"27":{"start":{"line":61,"column":12},"end":{"line":61,"column":45}},"28":{"start":{"line":62,"column":12},"end":{"line":62,"column":28}},"29":{"start":{"line":65,"column":29},"end":{"line":65,"column":41}},"30":{"start":{"line":66,"column":35},"end":{"line":70,"column":null}},"31":{"start":{"line":72,"column":12},"end":{"line":72,"column":null}},"32":{"start":{"line":77,"column":13},"end":{"line":77,"column":63}},"33":{"start":{"line":77,"column":48},"end":{"line":77,"column":62}},"34":{"start":{"line":79,"column":29},"end":{"line":79,"column":42}},"35":{"start":{"line":82,"column":4},"end":{"line":89,"column":12}},"36":{"start":{"line":92,"column":4},"end":{"line":112,"column":null}},"37":{"start":{"line":93,"column":8},"end":{"line":93,"column":32}},"38":{"start":{"line":95,"column":8},"end":{"line":111,"column":null}},"39":{"start":{"line":96,"column":29},"end":{"line":101,"column":14}},"40":{"start":{"line":103,"column":32},"end":{"line":103,"column":53}},"41":{"start":{"line":105,"column":12},"end":{"line":105,"column":74}},"42":{"start":{"line":106,"column":12},"end":{"line":106,"column":52}},"43":{"start":{"line":108,"column":12},"end":{"line":108,"column":29}},"44":{"start":{"line":109,"column":12},"end":{"line":109,"column":43}},"45":{"start":{"line":110,"column":12},"end":{"line":110,"column":71}},"46":{"start":{"line":91,"column":0},"end":{"line":91,"column":16}},"47":{"start":{"line":116,"column":17},"end":{"line":116,"column":45}},"48":{"start":{"line":118,"column":4},"end":{"line":139,"column":null}},"49":{"start":{"line":119,"column":8},"end":{"line":119,"column":34}},"50":{"start":{"line":121,"column":8},"end":{"line":138,"column":null}},"51":{"start":{"line":122,"column":29},"end":{"line":128,"column":14}},"52":{"start":{"line":130,"column":47},"end":{"line":130,"column":68}},"53":{"start":{"line":132,"column":26},"end":{"line":132,"column":52}},"54":{"start":{"line":134,"column":12},"end":{"line":134,"column":null}},"55":{"start":{"line":136,"column":12},"end":{"line":136,"column":29}},"56":{"start":{"line":137,"column":12},"end":{"line":137,"column":45}},"57":{"start":{"line":115,"column":0},"end":{"line":115,"column":16}},"58":{"start":{"line":143,"column":4},"end":{"line":145,"column":null}},"59":{"start":{"line":144,"column":8},"end":{"line":144,"column":36}},"60":{"start":{"line":142,"column":0},"end":{"line":142,"column":16}},"61":{"start":{"line":148,"column":0},"end":{"line":148,"column":23}}},"fnMap":{"0":{"name":"(anonymous_1)","decl":{"start":{"line":20,"column":21},"end":{"line":20,"column":22}},"loc":{"start":{"line":20,"column":46},"end":{"line":25,"column":9}}},"1":{"name":"(anonymous_2)","decl":{"start":{"line":26,"column":28},"end":{"line":26,"column":29}},"loc":{"start":{"line":26,"column":66},"end":{"line":33,"column":9}}},"2":{"name":"(anonymous_3)","decl":{"start":{"line":34,"column":28},"end":{"line":34,"column":29}},"loc":{"start":{"line":34,"column":54},"end":{"line":40,"column":9}}},"3":{"name":"(anonymous_4)","decl":{"start":{"line":41,"column":23},"end":{"line":41,"column":24}},"loc":{"start":{"line":41,"column":48},"end":{"line":46,"column":9}}},"4":{"name":"(anonymous_5)","decl":{"start":{"line":47,"column":30},"end":{"line":47,"column":31}},"loc":{"start":{"line":47,"column":69},"end":{"line":56,"column":9}}},"5":{"name":"(anonymous_6)","decl":{"start":{"line":57,"column":30},"end":{"line":57,"column":31}},"loc":{"start":{"line":57,"column":55},"end":{"line":63,"column":9}}},"6":{"name":"(anonymous_7)","decl":{"start":{"line":64,"column":25},"end":{"line":64,"column":26}},"loc":{"start":{"line":64,"column":50},"end":{"line":73,"column":9}}},"7":{"name":"(anonymous_8)","decl":{"start":{"line":77,"column":32},"end":{"line":77,"column":33}},"loc":{"start":{"line":77,"column":48},"end":{"line":77,"column":62}}},"8":{"name":"createSession","decl":{"start":{"line":91,"column":16},"end":{"line":91,"column":29}},"loc":{"start":{"line":91,"column":91},"end":{"line":113,"column":1}}},"9":{"name":"(anonymous_10)","decl":{"start":{"line":92,"column":11},"end":{"line":92,"column":16}},"loc":{"start":{"line":92,"column":40},"end":{"line":112,"column":5}}},"10":{"name":"updatePhraseStrength","decl":{"start":{"line":115,"column":16},"end":{"line":115,"column":36}},"loc":{"start":{"line":115,"column":86},"end":{"line":140,"column":1}}},"11":{"name":"(anonymous_12)","decl":{"start":{"line":118,"column":11},"end":{"line":118,"column":16}},"loc":{"start":{"line":118,"column":40},"end":{"line":139,"column":5}}},"12":{"name":"clearResults","decl":{"start":{"line":142,"column":16},"end":{"line":142,"column":28}},"loc":{"start":{"line":142,"column":28},"end":{"line":146,"column":1}}},"13":{"name":"(anonymous_14)","decl":{"start":{"line":143,"column":11},"end":{"line":143,"column":16}},"loc":{"start":{"line":143,"column":40},"end":{"line":145,"column":5}}}},"branchMap":{},"s":{"0":4,"1":4,"2":4,"3":4,"4":4,"5":0,"6":0,"7":0,"8":0,"9":0,"10":0,"11":0,"12":0,"13":0,"14":0,"15":0,"16":0,"17":0,"18":0,"19":0,"20":0,"21":0,"22":0,"23":0,"24":0,"25":0,"26":0,"27":0,"28":0,"29":0,"30":0,"31":0,"32":4,"33":0,"34":4,"35":4,"36":0,"37":0,"38":0,"39":0,"40":0,"41":0,"42":0,"43":0,"44":0,"45":0,"46":4,"47":0,"48":0,"49":0,"50":0,"51":0,"52":0,"53":0,"54":0,"55":0,"56":0,"57":4,"58":0,"59":0,"60":4,"61":4},"f":{"0":0,"1":0,"2":0,"3":0,"4":0,"5":0,"6":0,"7":0,"8":0,"9":0,"10":0,"11":0,"12":0,"13":0},"b":{}}
,"/home/dennismai/dper/polyglotist/src/client/slices/settings.ts": {"path":"/home/dennismai/dper/polyglotist/src/client/slices/settings.ts","statementMap":{"0":{"start":{"line":1,"column":0},"end":{"line":1,"column":47}},"1":{"start":{"line":2,"column":0},"end":{"line":2,"column":41}},"2":{"start":{"line":3,"column":0},"end":{"line":3,"column":37}},"3":{"start":{"line":6,"column":13},"end":{"line":16,"column":2}},"4":{"start":{"line":18,"column":22},"end":{"line":50,"column":2}},"5":{"start":{"line":23,"column":23},"end":{"line":23,"column":35}},"6":{"start":{"line":25,"column":6},"end":{"line":25,"column":30}},"7":{"start":{"line":26,"column":6},"end":{"line":26,"column":22}},"8":{"start":{"line":29,"column":23},"end":{"line":29,"column":35}},"9":{"start":{"line":31,"column":6},"end":{"line":31,"column":57}},"10":{"start":{"line":32,"column":6},"end":{"line":32,"column":51}},"11":{"start":{"line":33,"column":6},"end":{"line":33,"column":51}},"12":{"start":{"line":34,"column":6},"end":{"line":34,"column":63}},"13":{"start":{"line":35,"column":6},"end":{"line":35,"column":63}},"14":{"start":{"line":36,"column":6},"end":{"line":36,"column":61}},"15":{"start":{"line":37,"column":6},"end":{"line":37,"column":41}},"16":{"start":{"line":38,"column":6},"end":{"line":38,"column":41}},"17":{"start":{"line":39,"column":6},"end":{"line":39,"column":45}},"18":{"start":{"line":40,"column":6},"end":{"line":40,"column":22}},"19":{"start":{"line":43,"column":23},"end":{"line":43,"column":35}},"20":{"start":{"line":45,"column":6},"end":{"line":45,"column":31}},"21":{"start":{"line":46,"column":6},"end":{"line":46,"column":32}},"22":{"start":{"line":47,"column":6},"end":{"line":47,"column":22}},"23":{"start":{"line":52,"column":13},"end":{"line":52,"column":63}},"24":{"start":{"line":52,"column":48},"end":{"line":52,"column":62}},"25":{"start":{"line":54,"column":29},"end":{"line":54,"column":42}},"26":{"start":{"line":57,"column":2},"end":{"line":60,"column":12}},"27":{"start":{"line":63,"column":2},"end":{"line":72,"column":4}},"28":{"start":{"line":64,"column":4},"end":{"line":64,"column":28}},"29":{"start":{"line":66,"column":4},"end":{"line":71,"column":null}},"30":{"start":{"line":67,"column":6},"end":{"line":67,"column":45}},"31":{"start":{"line":69,"column":6},"end":{"line":69,"column":23}},"32":{"start":{"line":70,"column":6},"end":{"line":70,"column":37}},"33":{"start":{"line":62,"column":0},"end":{"line":62,"column":16}},"34":{"start":{"line":76,"column":2},"end":{"line":122,"column":4}},"35":{"start":{"line":77,"column":4},"end":{"line":77,"column":28}},"36":{"start":{"line":79,"column":4},"end":{"line":121,"column":null}},"37":{"start":{"line":80,"column":23},"end":{"line":86,"column":8}},"38":{"start":{"line":88,"column":23},"end":{"line":88,"column":44}},"39":{"start":{"line":100,"column":10},"end":{"line":100,"column":23}},"40":{"start":{"line":102,"column":24},"end":{"line":110,"column":8}},"41":{"start":{"line":115,"column":6},"end":{"line":115,"column":48}},"42":{"start":{"line":116,"column":6},"end":{"line":116,"column":41}},"43":{"start":{"line":117,"column":6},"end":{"line":117,"column":46}},"44":{"start":{"line":119,"column":6},"end":{"line":119,"column":23}},"45":{"start":{"line":120,"column":6},"end":{"line":120,"column":37}},"46":{"start":{"line":75,"column":0},"end":{"line":75,"column":16}},"47":{"start":{"line":125,"column":0},"end":{"line":125,"column":23}}},"fnMap":{"0":{"name":"(anonymous_1)","decl":{"start":{"line":22,"column":17},"end":{"line":22,"column":18}},"loc":{"start":{"line":22,"column":42},"end":{"line":27,"column":5}}},"1":{"name":"(anonymous_2)","decl":{"start":{"line":28,"column":24},"end":{"line":28,"column":25}},"loc":{"start":{"line":28,"column":62},"end":{"line":41,"column":5}}},"2":{"name":"(anonymous_3)","decl":{"start":{"line":42,"column":24},"end":{"line":42,"column":25}},"loc":{"start":{"line":42,"column":49},"end":{"line":48,"column":5}}},"3":{"name":"(anonymous_4)","decl":{"start":{"line":52,"column":32},"end":{"line":52,"column":33}},"loc":{"start":{"line":52,"column":48},"end":{"line":52,"column":62}}},"4":{"name":"loadSettings","decl":{"start":{"line":62,"column":16},"end":{"line":62,"column":28}},"loc":{"start":{"line":62,"column":52},"end":{"line":73,"column":1}}},"5":{"name":"(anonymous_6)","decl":{"start":{"line":63,"column":9},"end":{"line":63,"column":14}},"loc":{"start":{"line":63,"column":38},"end":{"line":72,"column":3}}},"6":{"name":"updateSettings","decl":{"start":{"line":75,"column":16},"end":{"line":75,"column":30}},"loc":{"start":{"line":75,"column":68},"end":{"line":123,"column":1}}},"7":{"name":"(anonymous_8)","decl":{"start":{"line":76,"column":9},"end":{"line":76,"column":14}},"loc":{"start":{"line":76,"column":38},"end":{"line":122,"column":3}}}},"branchMap":{},"s":{"0":4,"1":4,"2":4,"3":4,"4":4,"5":0,"6":0,"7":0,"8":0,"9":0,"10":0,"11":0,"12":0,"13":0,"14":0,"15":0,"16":0,"17":0,"18":0,"19":0,"20":0,"21":0,"22":0,"23":4,"24":16,"25":4,"26":4,"27":0,"28":0,"29":0,"30":0,"31":0,"32":0,"33":4,"34":0,"35":0,"36":0,"37":0,"38":0,"39":0,"40":0,"41":0,"42":0,"43":0,"44":0,"45":0,"46":4,"47":4},"f":{"0":0,"1":0,"2":0,"3":16,"4":0,"5":0,"6":0,"7":0},"b":{}}
,"/home/dennismai/dper/polyglotist/src/client/slices/users.ts": {"path":"/home/dennismai/dper/polyglotist/src/client/slices/users.ts","statementMap":{"0":{"start":{"line":1,"column":0},"end":{"line":1,"column":47}},"1":{"start":{"line":4,"column":13},"end":{"line":8,"column":2}},"2":{"start":{"line":10,"column":19},"end":{"line":36,"column":2}},"3":{"start":{"line":15,"column":23},"end":{"line":15,"column":35}},"4":{"start":{"line":17,"column":6},"end":{"line":17,"column":30}},"5":{"start":{"line":18,"column":6},"end":{"line":18,"column":22}},"6":{"start":{"line":21,"column":23},"end":{"line":21,"column":35}},"7":{"start":{"line":23,"column":6},"end":{"line":23,"column":31}},"8":{"start":{"line":24,"column":6},"end":{"line":24,"column":31}},"9":{"start":{"line":25,"column":6},"end":{"line":25,"column":33}},"10":{"start":{"line":26,"column":6},"end":{"line":26,"column":22}},"11":{"start":{"line":29,"column":23},"end":{"line":29,"column":35}},"12":{"start":{"line":31,"column":6},"end":{"line":31,"column":31}},"13":{"start":{"line":32,"column":6},"end":{"line":32,"column":32}},"14":{"start":{"line":33,"column":6},"end":{"line":33,"column":22}},"15":{"start":{"line":38,"column":13},"end":{"line":38,"column":57}},"16":{"start":{"line":38,"column":45},"end":{"line":38,"column":56}},"17":{"start":{"line":40,"column":29},"end":{"line":40,"column":39}},"18":{"start":{"line":42,"column":15},"end":{"line":42,"column":70}},"19":{"start":{"line":45,"column":2},"end":{"line":56,"column":4}},"20":{"start":{"line":46,"column":4},"end":{"line":46,"column":25}},"21":{"start":{"line":47,"column":4},"end":{"line":55,"column":null}},"22":{"start":{"line":48,"column":23},"end":{"line":48,"column":48}},"23":{"start":{"line":49,"column":19},"end":{"line":49,"column":40}},"24":{"start":{"line":51,"column":6},"end":{"line":51,"column":44}},"25":{"start":{"line":53,"column":6},"end":{"line":53,"column":23}},"26":{"start":{"line":54,"column":6},"end":{"line":54,"column":34}},"27":{"start":{"line":44,"column":0},"end":{"line":44,"column":16}},"28":{"start":{"line":59,"column":0},"end":{"line":59,"column":23}}},"fnMap":{"0":{"name":"(anonymous_0)","decl":{"start":{"line":14,"column":14},"end":{"line":14,"column":15}},"loc":{"start":{"line":14,"column":35},"end":{"line":19,"column":5}}},"1":{"name":"(anonymous_1)","decl":{"start":{"line":20,"column":21},"end":{"line":20,"column":22}},"loc":{"start":{"line":20,"column":55},"end":{"line":27,"column":5}}},"2":{"name":"(anonymous_2)","decl":{"start":{"line":28,"column":21},"end":{"line":28,"column":22}},"loc":{"start":{"line":28,"column":42},"end":{"line":34,"column":5}}},"3":{"name":"(anonymous_3)","decl":{"start":{"line":38,"column":29},"end":{"line":38,"column":30}},"loc":{"start":{"line":38,"column":45},"end":{"line":38,"column":56}}},"4":{"name":"fetchUsers","decl":{"start":{"line":44,"column":16},"end":{"line":44,"column":26}},"loc":{"start":{"line":44,"column":26},"end":{"line":57,"column":1}}},"5":{"name":"(anonymous_5)","decl":{"start":{"line":45,"column":9},"end":{"line":45,"column":14}},"loc":{"start":{"line":45,"column":38},"end":{"line":56,"column":3}}}},"branchMap":{},"s":{"0":4,"1":4,"2":4,"3":0,"4":0,"5":0,"6":0,"7":0,"8":0,"9":0,"10":0,"11":0,"12":0,"13":0,"14":0,"15":4,"16":0,"17":4,"18":4,"19":0,"20":0,"21":0,"22":0,"23":0,"24":0,"25":0,"26":0,"27":4,"28":4},"f":{"0":0,"1":0,"2":0,"3":0,"4":0,"5":0},"b":{}}
,"/home/dennismai/dper/polyglotist/src/client/tests/test-router.tsx": {"path":"/home/dennismai/dper/polyglotist/src/client/tests/test-router.tsx","statementMap":{"0":{"start":{"line":1,"column":0},"end":{"line":1,"column":26}},"1":{"start":{"line":2,"column":0},"end":{"line":2,"column":42}},"2":{"start":{"line":3,"column":0},"end":{"line":3,"column":37}},"3":{"start":{"line":5,"column":19},"end":{"line":6,"column":null}},"4":{"start":{"line":6,"column":2},"end":{"line":6,"column":47}},"5":{"start":{"line":9,"column":0},"end":{"line":9,"column":26}}},"fnMap":{"0":{"name":"(anonymous_1)","decl":{"start":{"line":5,"column":19},"end":{"line":5,"column":20}},"loc":{"start":{"line":6,"column":2},"end":{"line":6,"column":47}}}},"branchMap":{},"s":{"0":4,"1":4,"2":4,"3":4,"4":10,"5":4},"f":{"0":10},"b":{}}
,"/home/dennismai/dper/polyglotist/src/client/tests/test-utils.tsx": {"path":"/home/dennismai/dper/polyglotist/src/client/tests/test-utils.tsx","statementMap":{"0":{"start":{"line":1,"column":0},"end":{"line":1,"column":26}},"1":{"start":{"line":2,"column":0},"end":{"line":2,"column":61}},"2":{"start":{"line":3,"column":0},"end":{"line":3,"column":36}},"3":{"start":{"line":4,"column":0},"end":{"line":4,"column":39}},"4":{"start":{"line":5,"column":0},"end":{"line":5,"column":53}},"5":{"start":{"line":16,"column":4},"end":{"line":16,"column":57}},"6":{"start":{"line":18,"column":2},"end":{"line":18,"column":63}},"7":{"start":{"line":24,"column":25},"end":{"line":24,"column":31}},"8":{"start":{"line":22,"column":0},"end":{"line":22,"column":39}}},"fnMap":{"0":{"name":"customRender","decl":{"start":{"line":7,"column":9},"end":{"line":7,"column":21}},"loc":{"start":{"line":13,"column":45},"end":{"line":19,"column":1}}},"1":{"name":"Wrapper","decl":{"start":{"line":15,"column":11},"end":{"line":15,"column":18}},"loc":{"start":{"line":15,"column":51},"end":{"line":17,"column":3}}}},"branchMap":{"0":{"loc":{"start":{"line":13,"column":43},"end":{"line":13,"column":45}},"type":"default-arg","locations":[{"start":{"line":13,"column":43},"end":{"line":13,"column":45}}]},"1":{"loc":{"start":{"line":11,"column":12},"end":{"line":11,"column":46}},"type":"default-arg","locations":[{"start":{"line":11,"column":12},"end":{"line":11,"column":46}}]}},"s":{"0":4,"1":4,"2":4,"3":4,"4":4,"5":11,"6":11,"7":4,"8":4},"f":{"0":11,"1":11},"b":{"0":[0],"1":[11]}}
}
