TN:
SF:src/client/app/history.ts
FNF:0
FNH:0
DA:1,5
DA:3,5
DA:5,5
DA:9,5
LF:4
LH:4
BRDA:6,0,0,5
BRDA:6,0,1,0
BRF:2
BRH:1
end_of_record
TN:
SF:src/client/app/index.tsx
FN:11,(anonymous_7)
FN:11,(anonymous_8)
FN:12,(anonymous_9)
FN:12,(anonymous_10)
FN:14,(anonymous_11)
FN:18,(anonymous_12)
FNF:6
FNH:6
FNDA:1,(anonymous_7)
FNDA:1,(anonymous_8)
FNDA:1,(anonymous_9)
FNDA:1,(anonymous_10)
FNDA:2,(anonymous_11)
FNDA:2,(anonymous_12)
DA:1,1
DA:2,1
DA:3,1
DA:4,1
DA:6,1
DA:7,1
DA:9,1
DA:11,2
DA:12,2
DA:14,1
DA:15,2
DA:16,2
DA:18,2
DA:19,2
DA:22,2
DA:37,1
LF:16
LH:16
BRDA:25,0,0,1
BRDA:25,0,1,1
BRF:2
BRH:2
end_of_record
TN:
SF:src/client/app/Authenticated/index.tsx
FN:27,(anonymous_7)
FN:44,(anonymous_8)
FNF:2
FNH:1
FNDA:4,(anonymous_7)
FNDA:0,(anonymous_8)
DA:1,2
DA:2,2
DA:3,2
DA:4,2
DA:6,2
DA:7,2
DA:9,2
DA:10,2
DA:11,2
DA:12,2
DA:13,2
DA:14,2
DA:15,2
DA:16,2
DA:17,2
DA:18,2
DA:19,2
DA:20,2
DA:21,2
DA:22,2
DA:23,2
DA:25,2
DA:27,2
DA:28,4
DA:29,4
DA:30,4
DA:31,4
DA:33,4
DA:44,0
DA:99,2
LF:30
LH:29
BRDA:41,0,0,1
BRDA:41,0,1,3
BRDA:43,1,0,1
BRDA:43,1,1,3
BRDA:50,2,0,3
BRDA:50,2,1,1
BRDA:57,3,0,3
BRDA:57,3,1,1
BRDA:85,4,0,3
BRDA:85,4,1,1
BRF:10
BRH:10
end_of_record
TN:
SF:src/client/app/Unauthenticated/index.tsx
FN:12,(anonymous_1)
FNF:1
FNH:1
FNDA:5,(anonymous_1)
DA:1,2
DA:2,2
DA:3,2
DA:5,2
DA:6,2
DA:7,2
DA:8,2
DA:9,2
DA:10,2
DA:12,2
DA:13,5
DA:44,2
LF:12
LH:12
BRF:0
BRH:0
end_of_record
TN:
SF:src/client/components/ArticleCard/index.tsx
FN:9,(anonymous_1)
FN:26,(anonymous_2)
FN:31,(anonymous_3)
FNF:3
FNH:0
FNDA:0,(anonymous_1)
FNDA:0,(anonymous_2)
FNDA:0,(anonymous_3)
DA:1,2
DA:2,2
DA:5,2
DA:7,2
DA:9,2
DA:16,0
DA:17,0
DA:18,0
DA:21,0
DA:22,0
DA:23,0
DA:25,0
DA:26,0
DA:30,0
DA:31,0
DA:33,0
DA:67,2
LF:17
LH:6
BRDA:36,0,0,0
BRDA:36,0,1,0
BRF:2
BRH:0
end_of_record
TN:
SF:src/client/components/BottomNavbar/index.tsx
FN:13,(anonymous_7)
FN:20,(anonymous_8)
FN:21,listenLocation
FN:27,(anonymous_10)
FNF:4
FNH:4
FNDA:5,(anonymous_7)
FNDA:4,(anonymous_8)
FNDA:5,listenLocation
FNDA:4,(anonymous_10)
DA:1,3
DA:2,3
DA:3,3
DA:5,3
DA:6,3
DA:8,3
DA:9,3
DA:10,3
DA:11,3
DA:13,3
DA:14,5
DA:15,5
DA:16,5
DA:20,5
DA:22,5
DA:25,4
DA:27,4
DA:28,4
DA:32,5
DA:50,3
LF:20
LH:20
BRF:0
BRH:0
end_of_record
TN:
SF:src/client/components/CtaButton/index.tsx
FN:6,(anonymous_1)
FNF:1
FNH:1
FNDA:4,(anonymous_1)
DA:1,2
DA:2,2
DA:4,2
DA:6,2
DA:7,4
DA:14,2
LF:6
LH:6
BRF:0
BRH:0
end_of_record
TN:
SF:src/client/components/DefinePhraseButton/index.tsx
FN:22,(anonymous_7)
FN:37,(anonymous_8)
FN:41,addArticle
FN:48,(anonymous_10)
FN:49,(anonymous_11)
FN:60,transReducer
FN:89,handleDefineClick
FN:144,(anonymous_14)
FN:174,handlePhraseSave
FN:223,(anonymous_16)
FN:231,(anonymous_17)
FN:244,(anonymous_18)
FN:276,handleCancelSave
FN:282,closeDefinitionModal
FN:289,(anonymous_21)
FN:290,handleSelect
FN:311,(anonymous_23)
FN:332,(anonymous_24)
FN:346,(anonymous_25)
FNF:19
FNH:4
FNDA:8,(anonymous_7)
FNDA:0,(anonymous_8)
FNDA:0,addArticle
FNDA:3,(anonymous_10)
FNDA:0,(anonymous_11)
FNDA:0,transReducer
FNDA:0,handleDefineClick
FNDA:0,(anonymous_14)
FNDA:0,handlePhraseSave
FNDA:0,(anonymous_16)
FNDA:0,(anonymous_17)
FNDA:0,(anonymous_18)
FNDA:0,handleCancelSave
FNDA:0,closeDefinitionModal
FNDA:8,(anonymous_21)
FNDA:0,handleSelect
FNDA:8,(anonymous_23)
FNDA:0,(anonymous_24)
FNDA:0,(anonymous_25)
DA:1,2
DA:2,2
DA:3,2
DA:5,2
DA:16,2
DA:17,2
DA:19,2
DA:20,2
DA:22,2
DA:23,8
DA:26,8
DA:27,8
DA:31,8
DA:32,8
DA:34,8
DA:35,8
DA:37,8
DA:38,0
DA:42,0
DA:44,0
DA:48,8
DA:49,3
DA:50,0
DA:54,8
DA:61,0
DA:63,0
DA:68,0
DA:74,0
DA:80,0
DA:84,8
DA:90,0
DA:91,0
DA:92,0
DA:94,0
DA:96,0
DA:97,0
DA:104,0
DA:106,0
DA:107,0
DA:113,0
DA:118,0
DA:120,0
DA:144,8
DA:145,0
DA:151,0
DA:153,0
DA:155,0
DA:157,0
DA:159,0
DA:161,0
DA:168,0
DA:172,8
DA:175,0
DA:178,0
DA:179,0
DA:180,0
DA:182,0
DA:188,0
DA:189,0
DA:194,0
DA:195,0
DA:196,0
DA:203,0
DA:207,0
DA:209,0
DA:216,0
DA:217,0
DA:223,0
DA:225,0
DA:227,0
DA:228,0
DA:229,0
DA:231,0
DA:232,0
DA:233,0
DA:234,0
DA:237,0
DA:240,0
DA:244,8
DA:245,0
DA:247,0
DA:249,0
DA:255,0
DA:257,0
DA:277,0
DA:278,0
DA:279,0
DA:283,0
DA:284,0
DA:285,0
DA:289,8
DA:292,0
DA:294,0
DA:295,0
DA:297,0
DA:301,0
DA:302,0
DA:304,0
DA:305,0
DA:309,8
DA:311,8
DA:316,8
DA:321,8
DA:323,0
DA:332,0
DA:346,0
DA:383,2
LF:107
LH:30
BRDA:32,0,0,8
BRDA:32,0,1,8
BRDA:32,1,0,8
BRDA:32,1,1,0
BRDA:32,2,0,8
BRDA:32,2,1,8
BRDA:32,3,0,8
BRDA:32,3,1,0
BRDA:32,4,0,8
BRDA:32,4,1,8
BRDA:32,5,0,0
BRDA:32,5,1,8
BRDA:32,6,0,8
BRDA:32,6,1,8
BRDA:38,7,0,0
BRDA:38,7,1,0
BRDA:38,8,0,0
BRDA:38,8,1,0
BRDA:38,9,0,0
BRDA:38,9,1,0
BRDA:38,10,0,0
BRDA:38,10,1,0
BRDA:38,11,0,0
BRDA:38,11,1,0
BRDA:38,12,0,0
BRDA:38,12,1,0
BRDA:42,13,0,0
BRDA:42,13,1,0
BRDA:42,14,0,0
BRDA:42,14,1,0
BRDA:42,15,0,0
BRDA:42,15,1,0
BRDA:42,16,0,0
BRDA:42,16,1,0
BRDA:42,17,0,0
BRDA:42,17,1,0
BRDA:42,18,0,0
BRDA:42,18,1,0
BRDA:44,19,0,0
BRDA:44,19,1,0
BRDA:44,20,0,0
BRDA:44,20,1,0
BRDA:50,21,0,0
BRDA:50,21,1,0
BRDA:50,22,0,0
BRDA:50,22,1,0
BRDA:50,23,0,0
BRDA:50,23,1,0
BRDA:50,24,0,0
BRDA:50,24,1,0
BRDA:50,25,0,0
BRDA:50,25,1,0
BRDA:50,26,0,0
BRDA:50,26,1,0
BRDA:62,27,0,0
BRDA:62,27,1,0
BRDA:62,27,2,0
BRDA:62,27,3,0
BRDA:94,28,0,0
BRDA:94,28,1,0
BRDA:106,29,0,0
BRDA:106,29,1,0
BRDA:151,30,0,0
BRDA:151,30,1,0
BRDA:151,31,0,0
BRDA:151,31,1,0
BRDA:151,32,0,0
BRDA:151,32,1,0
BRDA:151,33,0,0
BRDA:151,33,1,0
BRDA:151,34,0,0
BRDA:151,34,1,0
BRDA:151,35,0,0
BRDA:151,35,1,0
BRDA:154,36,0,0
BRDA:154,36,1,0
BRDA:154,36,2,0
BRDA:154,36,3,0
BRDA:154,36,4,0
BRDA:175,37,0,0
BRDA:175,37,1,0
BRDA:175,38,0,0
BRDA:175,38,1,0
BRDA:175,39,0,0
BRDA:175,39,1,0
BRDA:175,40,0,0
BRDA:175,40,1,0
BRDA:175,41,0,0
BRDA:175,41,1,0
BRDA:175,42,0,0
BRDA:175,42,1,0
BRDA:175,43,0,0
BRDA:175,43,1,0
BRDA:182,44,0,0
BRDA:182,44,1,0
BRDA:183,45,0,0
BRDA:183,45,1,0
BRDA:183,45,2,0
BRDA:183,45,3,0
BRDA:196,46,0,0
BRDA:196,46,1,0
BRDA:204,47,0,0
BRDA:204,47,1,0
BRDA:225,48,0,0
BRDA:225,48,1,0
BRDA:225,49,0,0
BRDA:225,49,1,0
BRDA:225,50,0,0
BRDA:225,50,1,0
BRDA:225,51,0,0
BRDA:225,51,1,0
BRDA:225,52,0,0
BRDA:225,52,1,0
BRDA:225,53,0,0
BRDA:225,53,1,0
BRDA:225,54,0,0
BRDA:225,54,1,0
BRDA:227,55,0,0
BRDA:227,55,1,0
BRDA:246,56,0,0
BRDA:246,56,1,0
BRDA:246,56,2,0
BRDA:246,56,3,0
BRDA:279,57,0,0
BRDA:279,57,1,0
BRDA:284,58,0,0
BRDA:284,58,1,0
BRDA:285,59,0,0
BRDA:285,59,1,0
BRDA:294,60,0,0
BRDA:294,60,1,0
BRDA:301,61,0,0
BRDA:301,61,1,0
BRDA:301,62,0,0
BRDA:301,62,1,0
BRDA:302,63,0,0
BRDA:302,63,1,0
BRDA:304,64,0,0
BRDA:304,64,1,0
BRDA:316,65,0,8
BRDA:316,65,1,0
BRDA:317,66,0,8
BRDA:317,66,1,8
BRDA:317,66,2,0
BRDA:326,67,0,0
BRDA:326,67,1,0
BRDA:329,68,0,0
BRDA:329,68,1,0
BRDA:338,69,0,0
BRDA:338,69,1,0
BRDA:340,70,0,0
BRDA:340,70,1,0
BRDA:348,71,0,0
BRDA:348,71,1,0
BRDA:348,72,0,0
BRDA:348,72,1,0
BRDA:354,73,0,0
BRDA:354,73,1,0
BRDA:356,74,0,0
BRDA:356,74,1,0
BRDA:365,75,0,0
BRDA:365,75,1,0
BRDA:364,76,0,0
BRDA:364,76,1,0
BRDA:368,77,0,0
BRDA:368,77,1,0
BRDA:368,78,0,0
BRDA:368,78,1,0
BRDA:371,79,0,0
BRDA:371,79,1,0
BRF:170
BRH:14
end_of_record
TN:
SF:src/client/components/GoBackButton/index.tsx
FN:7,(anonymous_1)
FN:10,handleClick
FNF:2
FNH:2
FNDA:2,(anonymous_1)
FNDA:1,handleClick
DA:1,3
DA:2,3
DA:4,3
DA:5,3
DA:7,3
DA:8,2
DA:11,1
DA:14,2
DA:21,3
LF:9
LH:9
BRF:0
BRH:0
end_of_record
TN:
SF:src/client/components/LoadingIndicator/index.tsx
FN:5,(anonymous_1)
FNF:1
FNH:1
FNDA:2,(anonymous_1)
DA:1,3
DA:3,3
DA:5,3
DA:6,2
DA:35,3
LF:5
LH:5
BRF:0
BRH:0
end_of_record
TN:
SF:src/client/components/Navbar/index.tsx
FN:15,(anonymous_7)
FN:21,(anonymous_8)
FN:23,listenScroll
FN:29,throttleScroll
FN:30,(anonymous_11)
FN:38,(anonymous_12)
FN:64,(anonymous_13)
FN:73,(anonymous_14)
FN:82,onLogoutClick
FN:86,handleButtonClick
FN:132,(anonymous_17)
FNF:11
FNH:7
FNDA:18,(anonymous_7)
FNDA:17,(anonymous_8)
FNDA:0,listenScroll
FNDA:0,throttleScroll
FNDA:0,(anonymous_11)
FNDA:2,(anonymous_12)
FNDA:5,(anonymous_13)
FNDA:4,(anonymous_14)
FNDA:0,onLogoutClick
FNDA:1,handleButtonClick
FNDA:9,(anonymous_17)
DA:1,3
DA:2,3
DA:3,3
DA:4,3
DA:6,3
DA:7,3
DA:9,3
DA:10,3
DA:11,3
DA:15,3
DA:16,18
DA:17,18
DA:18,18
DA:19,18
DA:21,18
DA:22,17
DA:24,0
DA:25,0
DA:26,0
DA:30,0
DA:33,2
DA:38,2
DA:39,2
DA:44,18
DA:64,3
DA:65,5
DA:73,3
DA:78,4
DA:79,4
DA:80,4
DA:83,0
DA:87,1
DA:90,4
DA:132,3
DA:133,9
DA:135,9
DA:150,3
LF:37
LH:32
BRDA:22,0,0,2
BRDA:22,0,1,15
BRDA:25,1,0,0
BRDA:25,1,1,0
BRDA:25,2,0,0
BRDA:25,2,1,0
BRDA:25,2,2,0
BRDA:25,2,3,0
BRDA:48,3,0,2
BRDA:48,3,1,16
BRDA:47,4,0,18
BRDA:47,4,1,18
BRDA:53,5,0,8
BRDA:53,5,1,10
BRDA:55,6,0,18
BRDA:55,6,1,18
BRDA:105,7,0,1
BRDA:105,7,1,3
BRDA:108,8,0,1
BRDA:108,8,1,3
BRDA:115,9,0,3
BRDA:115,9,1,1
BRDA:138,10,0,4
BRDA:138,10,1,5
BRDA:137,11,0,9
BRDA:137,11,1,4
BRDA:137,11,2,4
BRF:27
BRH:21
end_of_record
TN:
SF:src/client/components/NoMatchPage/index.tsx
FN:3,(anonymous_1)
FNF:1
FNH:1
FNDA:2,(anonymous_1)
DA:1,3
DA:3,3
DA:4,2
DA:12,3
LF:4
LH:4
BRF:0
BRH:0
end_of_record
TN:
SF:src/client/components/PracticeQuestion/index.tsx
FN:6,(anonymous_7)
FN:39,handleAnswer
FN:44,onEnterPress
FN:50,(anonymous_10)
FN:56,(anonymous_11)
FN:102,(anonymous_12)
FN:106,(anonymous_13)
FN:114,(anonymous_14)
FN:114,(anonymous_15)
FN:160,(anonymous_16)
FN:171,(anonymous_17)
FNF:11
FNH:0
FNDA:0,(anonymous_7)
FNDA:0,handleAnswer
FNDA:0,onEnterPress
FNDA:0,(anonymous_10)
FNDA:0,(anonymous_11)
FNDA:0,(anonymous_12)
FNDA:0,(anonymous_13)
FNDA:0,(anonymous_14)
FNDA:0,(anonymous_15)
FNDA:0,(anonymous_16)
FNDA:0,(anonymous_17)
DA:1,2
DA:2,2
DA:4,2
DA:6,2
DA:31,0
DA:32,0
DA:33,0
DA:34,0
DA:35,0
DA:36,0
DA:37,0
DA:40,0
DA:41,0
DA:45,0
DA:46,0
DA:50,0
DA:51,0
DA:52,0
DA:56,0
DA:57,0
DA:58,0
DA:61,0
DA:62,0
DA:66,0
DA:67,0
DA:87,0
DA:102,0
DA:106,0
DA:114,0
DA:160,0
DA:171,0
DA:178,2
LF:32
LH:5
BRDA:34,0,0,0
BRDA:34,0,1,0
BRDA:45,1,0,0
BRDA:45,1,1,0
BRDA:51,2,0,0
BRDA:51,2,1,0
BRDA:52,3,0,0
BRDA:52,3,1,0
BRDA:52,4,0,0
BRDA:52,4,1,0
BRDA:52,5,0,0
BRDA:52,5,1,0
BRDA:52,6,0,0
BRDA:52,6,1,0
BRDA:57,7,0,0
BRDA:57,7,1,0
BRDA:58,8,0,0
BRDA:58,8,1,0
BRDA:58,9,0,0
BRDA:58,9,1,0
BRDA:58,10,0,0
BRDA:58,10,1,0
BRDA:58,11,0,0
BRDA:58,11,1,0
BRDA:61,12,0,0
BRDA:61,12,1,0
BRDA:62,13,0,0
BRDA:62,13,1,0
BRDA:62,14,0,0
BRDA:62,14,1,0
BRDA:62,15,0,0
BRDA:62,15,1,0
BRDA:62,16,0,0
BRDA:62,16,1,0
BRDA:66,17,0,0
BRDA:66,17,1,0
BRDA:71,18,0,0
BRDA:71,18,1,0
BRDA:92,19,0,0
BRDA:92,19,1,0
BRDA:110,20,0,0
BRDA:110,20,1,0
BRDA:113,21,0,0
BRDA:113,21,1,0
BRDA:116,22,0,0
BRDA:116,22,1,0
BRDA:121,23,0,0
BRDA:121,23,1,0
BRDA:121,24,0,0
BRDA:121,24,1,0
BRDA:127,25,0,0
BRDA:127,25,1,0
BRDA:130,26,0,0
BRDA:130,26,1,0
BRDA:150,27,0,0
BRDA:150,27,1,0
BRF:56
BRH:0
end_of_record
TN:
SF:src/client/components/ServerMessage/index.tsx
FN:11,(anonymous_7)
FN:16,closeMessageBox
FN:21,(anonymous_9)
FN:24,(anonymous_10)
FN:31,cleanup
FNF:5
FNH:3
FNDA:14,(anonymous_7)
FNDA:0,closeMessageBox
FNDA:13,(anonymous_9)
FNDA:0,(anonymous_10)
FNDA:13,cleanup
DA:1,3
DA:2,3
DA:3,3
DA:5,3
DA:7,3
DA:9,3
DA:11,3
DA:12,14
DA:13,14
DA:14,14
DA:17,0
DA:21,14
DA:22,13
DA:24,13
DA:25,0
DA:26,0
DA:31,13
DA:32,13
DA:36,14
DA:37,0
DA:44,14
DA:48,3
LF:22
LH:18
BRDA:25,0,0,0
BRDA:25,0,1,0
BRDA:25,1,0,0
BRDA:25,1,1,0
BRDA:36,2,0,0
BRDA:36,2,1,14
BRF:6
BRH:1
end_of_record
TN:
SF:src/client/components/SourceList/index.tsx
FN:88,(anonymous_1)
FN:102,(anonymous_2)
FN:120,(anonymous_3)
FNF:3
FNH:0
FNDA:0,(anonymous_1)
FNDA:0,(anonymous_2)
FNDA:0,(anonymous_3)
DA:1,2
DA:4,2
DA:6,2
DA:88,2
DA:94,0
DA:96,0
DA:103,0
DA:104,0
DA:120,0
DA:134,2
LF:10
LH:5
BRDA:110,0,0,0
BRDA:110,0,1,0
BRF:2
BRH:0
end_of_record
TN:
SF:src/client/components/Strength/index.tsx
FN:9,(anonymous_1)
FNF:1
FNH:0
FNDA:0,(anonymous_1)
DA:1,2
DA:3,2
DA:4,2
DA:5,2
DA:6,2
DA:7,2
DA:9,2
DA:10,0
DA:12,0
DA:14,0
DA:16,0
DA:18,0
DA:20,0
DA:24,2
LF:14
LH:8
BRDA:11,0,0,0
BRDA:11,0,1,0
BRDA:11,0,2,0
BRDA:11,0,3,0
BRDA:11,0,4,0
BRF:5
BRH:0
end_of_record
TN:
SF:src/client/components/Timer/index.tsx
FN:5,(anonymous_1)
FNF:1
FNH:0
FNDA:0,(anonymous_1)
DA:1,2
DA:3,2
DA:5,2
DA:6,0
DA:7,0
DA:9,0
DA:17,2
LF:7
LH:4
BRDA:7,0,0,0
BRDA:7,0,1,0
BRDA:12,1,0,0
BRDA:12,1,1,0
BRF:4
BRH:0
end_of_record
TN:
SF:src/client/helpers/formValidations.ts
FN:1,validateEmail
FN:24,validateUsername
FN:42,(anonymous_2)
FN:52,(anonymous_3)
FN:61,validatePassword
FN:77,(anonymous_5)
FN:86,(anonymous_6)
FN:96,(anonymous_7)
FN:105,verifyPassword
FNF:9
FNH:0
FNDA:0,validateEmail
FNDA:0,validateUsername
FNDA:0,(anonymous_2)
FNDA:0,(anonymous_3)
FNDA:0,validatePassword
FNDA:0,(anonymous_5)
FNDA:0,(anonymous_6)
FNDA:0,(anonymous_7)
FNDA:0,verifyPassword
DA:1,2
DA:11,0
DA:12,0
DA:14,0
DA:15,0
DA:16,0
DA:18,0
DA:21,0
DA:24,2
DA:32,0
DA:33,0
DA:34,0
DA:36,0
DA:37,0
DA:41,0
DA:43,0
DA:48,0
DA:49,0
DA:51,0
DA:52,0
DA:56,0
DA:58,0
DA:61,2
DA:70,0
DA:71,0
DA:73,0
DA:74,0
DA:76,0
DA:78,0
DA:82,0
DA:83,0
DA:85,0
DA:86,0
DA:90,0
DA:92,0
DA:93,0
DA:95,0
DA:96,0
DA:100,0
DA:102,0
DA:105,2
DA:115,0
DA:117,0
DA:118,0
DA:119,0
DA:121,0
DA:124,0
LF:47
LH:4
BRDA:2,0,0,0
BRDA:14,1,0,0
BRDA:14,1,1,0
BRDA:25,2,0,0
BRDA:36,3,0,0
BRDA:36,3,1,0
BRDA:36,4,0,0
BRDA:36,4,1,0
BRDA:48,5,0,0
BRDA:48,5,1,0
BRDA:62,6,0,0
BRDA:68,7,0,0
BRDA:73,8,0,0
BRDA:73,8,1,0
BRDA:73,9,0,0
BRDA:73,9,1,0
BRDA:82,10,0,0
BRDA:82,10,1,0
BRDA:92,11,0,0
BRDA:92,11,1,0
BRDA:106,12,0,0
BRDA:113,13,0,0
BRDA:117,14,0,0
BRDA:117,14,1,0
BRF:24
BRH:0
end_of_record
TN:
SF:src/client/images/Articles/index.tsx
FN:3,(anonymous_1)
FNF:1
FNH:1
FNDA:5,(anonymous_1)
DA:1,3
DA:3,3
DA:4,5
DA:5,5
DA:7,5
DA:43,3
LF:6
LH:6
BRDA:19,0,0,0
BRDA:19,0,1,5
BRDA:23,1,0,0
BRDA:23,1,1,5
BRDA:27,2,0,0
BRDA:27,2,1,5
BRDA:31,3,0,0
BRDA:31,3,1,5
BRDA:37,4,0,0
BRDA:37,4,1,5
BRF:10
BRH:5
end_of_record
TN:
SF:src/client/images/Brand/index.tsx
FN:5,(anonymous_1)
FNF:1
FNH:1
FNDA:2,(anonymous_1)
DA:1,2
DA:3,2
DA:5,2
DA:6,2
DA:38,2
LF:5
LH:5
BRF:0
BRH:0
end_of_record
TN:
SF:src/client/images/Check/index.tsx
FN:3,(anonymous_1)
FNF:1
FNH:0
FNDA:0,(anonymous_1)
DA:1,2
DA:3,2
DA:4,0
DA:19,2
LF:4
LH:3
BRF:0
BRH:0
end_of_record
TN:
SF:src/client/images/ChevronBoxLeft/index.tsx
FN:3,(anonymous_1)
FNF:1
FNH:1
FNDA:2,(anonymous_1)
DA:1,3
DA:3,3
DA:4,2
DA:26,3
LF:4
LH:4
BRF:0
BRH:0
end_of_record
TN:
SF:src/client/images/ChevronDown/index.tsx
FN:3,(anonymous_1)
FNF:1
FNH:0
FNDA:0,(anonymous_1)
DA:1,2
DA:3,2
DA:4,0
DA:24,2
LF:4
LH:3
BRF:0
BRH:0
end_of_record
TN:
SF:src/client/images/ChevronUp/index.tsx
FN:3,(anonymous_1)
FNF:1
FNH:1
FNDA:4,(anonymous_1)
DA:1,3
DA:3,3
DA:4,4
DA:9,4
DA:25,3
LF:5
LH:5
BRDA:5,0,0,0
BRDA:5,0,1,4
BRDA:4,1,0,4
BRDA:4,1,1,0
BRF:4
BRH:2
end_of_record
TN:
SF:src/client/images/CloseButton/index.tsx
FN:5,(anonymous_1)
FNF:1
FNH:0
FNDA:0,(anonymous_1)
DA:1,3
DA:3,3
DA:5,3
DA:6,0
DA:30,3
LF:5
LH:4
BRF:0
BRH:0
end_of_record
TN:
SF:src/client/images/Dream/index.tsx
FN:5,(anonymous_1)
FNF:1
FNH:1
FNDA:2,(anonymous_1)
DA:1,2
DA:3,2
DA:5,2
DA:6,2
DA:142,2
LF:5
LH:5
BRF:0
BRH:0
end_of_record
TN:
SF:src/client/images/GoogleAttr/index.tsx
FN:3,(anonymous_1)
FNF:1
FNH:0
FNDA:0,(anonymous_1)
DA:1,2
DA:3,2
DA:4,0
DA:85,2
LF:4
LH:3
BRF:0
BRH:0
end_of_record
TN:
SF:src/client/images/Hero/index.tsx
FN:5,(anonymous_1)
FNF:1
FNH:1
FNDA:2,(anonymous_1)
DA:1,2
DA:3,2
DA:5,2
DA:6,2
DA:164,2
LF:5
LH:5
BRF:0
BRH:0
end_of_record
TN:
SF:src/client/images/Home/index.tsx
FN:3,(anonymous_1)
FNF:1
FNH:1
FNDA:5,(anonymous_1)
DA:1,3
DA:3,3
DA:4,5
DA:5,5
DA:7,5
DA:25,3
LF:6
LH:6
BRDA:19,0,0,0
BRDA:19,0,1,5
BRF:2
BRH:1
end_of_record
TN:
SF:src/client/images/Integrated/index.tsx
FN:5,(anonymous_1)
FNF:1
FNH:1
FNDA:2,(anonymous_1)
DA:1,2
DA:3,2
DA:5,2
DA:6,2
DA:111,2
LF:5
LH:5
BRF:0
BRH:0
end_of_record
TN:
SF:src/client/images/Logo/index.tsx
FN:5,(anonymous_1)
FNF:1
FNH:1
FNDA:18,(anonymous_1)
DA:1,3
DA:3,3
DA:5,3
DA:8,18
DA:61,3
LF:5
LH:5
BRDA:10,0,0,2
BRDA:10,0,1,16
BRF:2
BRH:2
end_of_record
TN:
SF:src/client/images/Phrases/index.tsx
FN:5,(anonymous_1)
FNF:1
FNH:1
FNDA:5,(anonymous_1)
DA:1,3
DA:3,3
DA:5,3
DA:6,5
DA:7,5
DA:9,5
DA:71,3
LF:7
LH:7
BRDA:21,0,0,0
BRDA:21,0,1,5
BRDA:31,1,0,0
BRDA:31,1,1,5
BRDA:37,2,0,0
BRDA:37,2,1,5
BRDA:47,3,0,0
BRDA:47,3,1,5
BRDA:53,4,0,0
BRDA:53,4,1,5
BRDA:63,5,0,0
BRDA:63,5,1,5
BRF:12
BRH:6
end_of_record
TN:
SF:src/client/images/Powerful/index.tsx
FN:5,(anonymous_1)
FNF:1
FNH:1
FNDA:2,(anonymous_1)
DA:1,2
DA:3,2
DA:5,2
DA:6,2
DA:56,2
LF:5
LH:5
BRF:0
BRH:0
end_of_record
TN:
SF:src/client/images/Relevant/index.tsx
FN:5,(anonymous_1)
FNF:1
FNH:1
FNDA:2,(anonymous_1)
DA:1,2
DA:3,2
DA:5,2
DA:6,2
DA:57,2
LF:5
LH:5
BRF:0
BRH:0
end_of_record
TN:
SF:src/client/images/SandClock/index.tsx
FN:3,(anonymous_1)
FNF:1
FNH:1
FNDA:5,(anonymous_1)
DA:1,3
DA:3,3
DA:4,5
DA:5,5
DA:7,5
DA:29,3
LF:6
LH:6
BRDA:17,0,0,0
BRDA:17,0,1,5
BRDA:23,1,0,0
BRDA:23,1,1,5
BRF:4
BRH:2
end_of_record
TN:
SF:src/client/images/Skill1/index.tsx
FN:5,(anonymous_1)
FNF:1
FNH:0
FNDA:0,(anonymous_1)
DA:1,2
DA:3,2
DA:5,2
DA:6,0
DA:13,2
LF:5
LH:4
BRF:0
BRH:0
end_of_record
TN:
SF:src/client/images/Skill2/index.tsx
FN:5,(anonymous_1)
FNF:1
FNH:0
FNDA:0,(anonymous_1)
DA:1,2
DA:3,2
DA:5,2
DA:6,0
DA:13,2
LF:5
LH:4
BRF:0
BRH:0
end_of_record
TN:
SF:src/client/images/Skill3/index.tsx
FN:5,(anonymous_1)
FNF:1
FNH:0
FNDA:0,(anonymous_1)
DA:1,2
DA:3,2
DA:5,2
DA:6,0
DA:13,2
LF:5
LH:4
BRF:0
BRH:0
end_of_record
TN:
SF:src/client/images/Skill4/index.tsx
FN:5,(anonymous_1)
FNF:1
FNH:0
FNDA:0,(anonymous_1)
DA:1,2
DA:3,2
DA:5,2
DA:6,0
DA:13,2
LF:5
LH:4
BRF:0
BRH:0
end_of_record
TN:
SF:src/client/images/Skill5/index.tsx
FN:5,(anonymous_1)
FNF:1
FNH:0
FNDA:0,(anonymous_1)
DA:1,2
DA:3,2
DA:5,2
DA:6,0
DA:13,2
LF:5
LH:4
BRF:0
BRH:0
end_of_record
TN:
SF:src/client/pages/ArticleDetailPage/index.tsx
FN:12,(anonymous_7)
FN:28,(anonymous_8)
FN:33,(anonymous_9)
FN:34,(anonymous_10)
FN:39,renderBody
FN:40,(anonymous_12)
FN:52,(anonymous_13)
FN:56,addArticle
FN:61,(anonymous_15)
FN:64,(anonymous_16)
FN:66,(anonymous_17)
FN:76,cleanup
FN:81,(anonymous_19)
FN:85,(anonymous_20)
FNF:14
FNH:0
FNDA:0,(anonymous_7)
FNDA:0,(anonymous_8)
FNDA:0,(anonymous_9)
FNDA:0,(anonymous_10)
FNDA:0,renderBody
FNDA:0,(anonymous_12)
FNDA:0,(anonymous_13)
FNDA:0,addArticle
FNDA:0,(anonymous_15)
FNDA:0,(anonymous_16)
FNDA:0,(anonymous_17)
FNDA:0,cleanup
FNDA:0,(anonymous_19)
FNDA:0,(anonymous_20)
DA:1,2
DA:2,2
DA:3,2
DA:6,2
DA:7,2
DA:8,2
DA:10,2
DA:12,2
DA:13,0
DA:14,0
DA:15,0
DA:18,0
DA:19,0
DA:21,0
DA:22,0
DA:25,0
DA:26,0
DA:28,0
DA:29,0
DA:33,0
DA:34,0
DA:35,0
DA:40,0
DA:41,0
DA:43,0
DA:52,0
DA:53,0
DA:57,0
DA:61,0
DA:62,0
DA:64,0
DA:65,0
DA:66,0
DA:67,0
DA:68,0
DA:72,0
DA:76,0
DA:77,0
DA:81,0
DA:82,0
DA:84,0
DA:85,0
DA:94,0
DA:119,2
LF:44
LH:9
BRDA:65,0,0,0
BRDA:65,0,1,0
BRDA:67,1,0,0
BRDA:67,1,1,0
BRDA:82,2,0,0
BRDA:82,2,1,0
BRDA:87,3,0,0
BRDA:87,3,1,0
BRDA:96,4,0,0
BRDA:96,4,1,0
BRF:10
BRH:0
end_of_record
TN:
SF:src/client/pages/ArticlesPage/index.tsx
FN:13,(anonymous_7)
FN:18,(anonymous_8)
FN:22,renderArticlesList
FN:30,(anonymous_10)
FNF:4
FNH:0
FNDA:0,(anonymous_7)
FNDA:0,(anonymous_8)
FNDA:0,renderArticlesList
FNDA:0,(anonymous_10)
DA:1,2
DA:2,2
DA:4,2
DA:5,2
DA:9,2
DA:11,2
DA:13,2
DA:14,0
DA:15,0
DA:16,0
DA:18,0
DA:19,0
DA:23,0
DA:24,0
DA:27,0
DA:28,0
DA:30,0
DA:31,0
DA:44,0
DA:54,2
LF:20
LH:8
BRDA:23,0,0,0
BRDA:23,0,1,0
BRF:2
BRH:0
end_of_record
TN:
SF:src/client/pages/AuthPage/index.tsx
FN:17,(anonymous_7)
FN:34,handleChange
FN:38,validateInput
FN:47,togglePasswordVisible
FN:51,handleSubmit
FN:74,(anonymous_12)
FN:77,(anonymous_13)
FN:102,(anonymous_14)
FN:103,(anonymous_15)
FN:124,(anonymous_16)
FN:125,(anonymous_17)
FN:151,(anonymous_18)
FN:152,(anonymous_19)
FN:188,(anonymous_20)
FN:192,(anonymous_21)
FNF:15
FNH:1
FNDA:6,(anonymous_7)
FNDA:0,handleChange
FNDA:0,validateInput
FNDA:0,togglePasswordVisible
FNDA:0,handleSubmit
FNDA:0,(anonymous_12)
FNDA:0,(anonymous_13)
FNDA:0,(anonymous_14)
FNDA:0,(anonymous_15)
FNDA:0,(anonymous_16)
FNDA:0,(anonymous_17)
FNDA:0,(anonymous_18)
FNDA:0,(anonymous_19)
FNDA:0,(anonymous_20)
FNDA:0,(anonymous_21)
DA:1,2
DA:2,2
DA:4,2
DA:5,2
DA:12,2
DA:14,2
DA:15,2
DA:17,2
DA:18,6
DA:19,6
DA:20,6
DA:21,6
DA:22,6
DA:23,6
DA:24,6
DA:25,6
DA:26,6
DA:32,6
DA:35,0
DA:39,0
DA:40,0
DA:41,0
DA:43,0
DA:48,0
DA:52,0
DA:54,0
DA:55,0
DA:57,0
DA:59,0
DA:62,6
DA:75,0
DA:78,0
DA:102,0
DA:103,0
DA:124,0
DA:125,0
DA:151,0
DA:152,0
DA:188,0
DA:192,0
DA:213,2
LF:41
LH:20
BRDA:20,0,0,2
BRDA:20,0,1,4
BRDA:39,1,0,0
BRDA:39,1,1,0
BRDA:54,2,0,0
BRDA:54,2,1,0
BRDA:55,3,0,0
BRDA:55,3,1,0
BRDA:64,4,0,6
BRDA:64,4,1,0
BRDA:66,5,0,2
BRDA:66,5,1,4
BRDA:68,6,0,6
BRDA:68,6,1,0
BRDA:72,7,0,6
BRDA:72,7,1,2
BRDA:72,7,2,0
BRDA:90,8,0,2
BRDA:90,8,1,4
BRDA:105,9,0,0
BRDA:105,9,1,2
BRDA:128,10,0,0
BRDA:128,10,1,6
BRDA:128,11,0,6
BRDA:128,11,1,0
BRDA:132,12,0,6
BRDA:132,12,1,2
BRDA:150,13,0,0
BRDA:150,13,1,6
BRDA:155,14,0,0
BRDA:155,14,1,6
BRDA:155,15,0,6
BRDA:155,15,1,0
BRDA:159,16,0,6
BRDA:159,16,1,2
BRDA:169,17,0,0
BRDA:169,17,1,6
BRDA:172,18,0,0
BRDA:172,18,1,6
BRDA:176,19,0,2
BRDA:176,19,1,4
BRDA:190,20,0,0
BRDA:190,20,1,2
BRDA:203,21,0,6
BRDA:203,21,1,0
BRF:45
BRH:26
end_of_record
TN:
SF:src/client/pages/ContactPage/index.tsx
FN:3,(anonymous_1)
FNF:1
FNH:0
FNDA:0,(anonymous_1)
DA:1,2
DA:3,2
DA:4,0
DA:12,2
LF:4
LH:3
BRF:0
BRH:0
end_of_record
TN:
SF:src/client/pages/CreateAccountPage/index.tsx
FN:12,(anonymous_7)
FN:36,handleArrayChange
FN:40,(anonymous_9)
FN:48,handleSubmit
FN:68,(anonymous_11)
FN:69,handleNextClick
FN:72,(anonymous_13)
FN:74,(anonymous_14)
FN:76,(anonymous_15)
FN:102,(anonymous_16)
FN:106,(anonymous_17)
FN:114,(anonymous_18)
FN:207,(anonymous_19)
FN:228,(anonymous_20)
FN:271,(anonymous_21)
FN:284,(anonymous_22)
FN:305,(anonymous_23)
FNF:17
FNH:5
FNDA:2,(anonymous_7)
FNDA:0,handleArrayChange
FNDA:0,(anonymous_9)
FNDA:0,handleSubmit
FNDA:4,(anonymous_11)
FNDA:0,handleNextClick
FNDA:0,(anonymous_13)
FNDA:0,(anonymous_14)
FNDA:0,(anonymous_15)
FNDA:4,(anonymous_16)
FNDA:0,(anonymous_17)
FNDA:2,(anonymous_18)
FNDA:0,(anonymous_19)
FNDA:0,(anonymous_20)
FNDA:0,(anonymous_21)
FNDA:0,(anonymous_22)
FNDA:4,(anonymous_23)
DA:1,2
DA:2,2
DA:4,2
DA:5,2
DA:7,2
DA:8,2
DA:10,2
DA:12,2
DA:13,2
DA:14,2
DA:24,2
DA:25,2
DA:26,2
DA:28,2
DA:29,2
DA:30,2
DA:31,2
DA:32,2
DA:34,2
DA:37,0
DA:39,0
DA:40,0
DA:42,0
DA:45,0
DA:49,0
DA:51,0
DA:53,0
DA:65,0
DA:68,2
DA:71,0
DA:72,0
DA:73,0
DA:75,0
DA:76,0
DA:78,0
DA:82,0
DA:85,0
DA:87,0
DA:90,4
DA:102,2
DA:103,4
DA:106,0
DA:114,2
DA:115,2
DA:172,2
DA:208,0
DA:229,0
DA:271,0
DA:284,0
DA:306,4
DA:307,0
DA:333,2
LF:52
LH:28
BRDA:37,0,0,0
BRDA:37,0,1,0
BRDA:39,1,0,0
BRDA:39,1,1,0
BRDA:51,2,0,0
BRDA:51,2,1,0
BRDA:51,3,0,0
BRDA:51,3,1,0
BRDA:71,4,0,0
BRDA:71,4,1,0
BRDA:71,5,0,0
BRDA:71,5,1,0
BRDA:95,6,0,4
BRDA:95,6,1,0
BRDA:121,7,0,0
BRDA:121,7,1,2
BRDA:128,8,0,0
BRDA:128,8,1,2
BRDA:137,9,0,2
BRDA:137,9,1,0
BRDA:139,10,0,0
BRDA:139,10,1,0
BRDA:148,11,0,0
BRDA:148,11,1,2
BRDA:150,12,0,0
BRDA:150,12,1,2
BRDA:159,13,0,0
BRDA:159,13,1,2
BRDA:161,14,0,0
BRDA:161,14,1,2
BRDA:174,15,0,2
BRDA:174,15,1,0
BRDA:176,16,0,2
BRDA:176,16,1,0
BRDA:184,17,0,2
BRDA:184,17,1,2
BRDA:191,18,0,2
BRDA:191,18,1,0
BRDA:198,19,0,0
BRDA:198,19,1,2
BRDA:197,20,0,2
BRDA:197,20,1,0
BRDA:211,21,0,2
BRDA:211,21,1,0
BRDA:219,22,0,0
BRDA:219,22,1,2
BRDA:218,23,0,2
BRDA:218,23,1,0
BRDA:232,24,0,2
BRDA:232,24,1,0
BRDA:261,25,0,0
BRDA:261,25,1,2
BRDA:299,26,0,0
BRDA:299,26,1,2
BRDA:306,27,0,0
BRDA:306,27,1,4
BRDA:306,28,0,4
BRDA:306,28,1,0
BRDA:322,29,0,2
BRDA:322,29,1,0
BRDA:322,29,2,0
BRF:61
BRH:24
end_of_record
TN:
SF:src/client/pages/Dashboard/index.tsx
FN:21,(anonymous_7)
FN:29,(anonymous_8)
FN:34,(anonymous_9)
FN:35,(anonymous_10)
FN:40,numPhrasesPracInNDays
FN:41,(anonymous_12)
FN:49,numArticlesReadInNDays
FN:50,(anonymous_14)
FN:64,numAvg8WeekReadPerWeek
FN:77,(anonymous_16)
FN:87,(anonymous_17)
FN:88,(anonymous_18)
FN:123,(anonymous_19)
FN:124,(anonymous_20)
FN:136,(anonymous_21)
FN:178,(anonymous_22)
FN:179,(anonymous_23)
FN:185,(anonymous_24)
FN:186,(anonymous_25)
FN:191,(anonymous_26)
FN:203,onMoreClick
FN:218,(anonymous_28)
FN:226,(anonymous_29)
FN:242,(anonymous_30)
FN:269,(anonymous_31)
FN:288,(anonymous_32)
FNF:26
FNH:8
FNDA:3,(anonymous_7)
FNDA:2,(anonymous_8)
FNDA:0,(anonymous_9)
FNDA:0,(anonymous_10)
FNDA:6,numPhrasesPracInNDays
FNDA:0,(anonymous_12)
FNDA:9,numArticlesReadInNDays
FNDA:0,(anonymous_14)
FNDA:3,numAvg8WeekReadPerWeek
FNDA:0,(anonymous_16)
FNDA:0,(anonymous_17)
FNDA:0,(anonymous_18)
FNDA:3,(anonymous_19)
FNDA:0,(anonymous_20)
FNDA:0,(anonymous_21)
FNDA:0,(anonymous_22)
FNDA:0,(anonymous_23)
FNDA:0,(anonymous_24)
FNDA:0,(anonymous_25)
FNDA:0,(anonymous_26)
FNDA:0,onMoreClick
FNDA:0,(anonymous_28)
FNDA:6,(anonymous_29)
FNDA:0,(anonymous_30)
FNDA:3,(anonymous_31)
FNDA:0,(anonymous_32)
DA:1,2
DA:2,2
DA:3,2
DA:5,2
DA:6,2
DA:7,2
DA:8,2
DA:15,2
DA:16,2
DA:17,2
DA:19,2
DA:21,2
DA:22,3
DA:23,3
DA:24,3
DA:25,3
DA:26,3
DA:27,3
DA:29,3
DA:30,2
DA:33,3
DA:34,0
DA:36,0
DA:41,6
DA:42,0
DA:43,0
DA:45,0
DA:50,9
DA:51,0
DA:53,0
DA:54,0
DA:56,0
DA:57,0
DA:59,0
DA:65,3
DA:67,3
DA:77,3
DA:84,0
DA:86,0
DA:87,0
DA:88,0
DA:90,0
DA:101,0
DA:102,0
DA:103,0
DA:106,0
DA:107,0
DA:108,0
DA:111,0
DA:123,3
DA:124,3
DA:126,3
DA:127,3
DA:134,0
DA:137,0
DA:138,0
DA:145,0
DA:177,3
DA:178,0
DA:180,0
DA:181,0
DA:182,0
DA:185,3
DA:186,0
DA:187,0
DA:191,3
DA:204,0
DA:205,0
DA:211,0
DA:212,0
DA:215,0
DA:218,0
DA:226,3
DA:227,6
DA:228,6
DA:229,6
DA:230,6
DA:232,6
DA:233,6
DA:239,0
DA:243,0
DA:245,0
DA:269,3
DA:270,3
DA:271,3
DA:277,0
DA:294,0
DA:295,0
DA:296,0
DA:297,0
DA:298,0
DA:301,0
DA:304,0
DA:305,0
DA:307,0
DA:310,0
DA:311,0
DA:313,0
DA:316,0
DA:320,0
DA:333,3
DA:357,2
LF:102
LH:45
BRDA:51,0,0,0
BRDA:51,0,1,0
BRDA:53,1,0,0
BRDA:53,1,1,0
BRDA:86,2,0,0
BRDA:86,2,1,0
BRDA:126,3,0,3
BRDA:126,3,1,0
BRDA:137,4,0,0
BRDA:137,4,1,0
BRDA:185,5,0,3
BRDA:185,5,1,0
BRDA:185,6,0,3
BRDA:185,6,1,0
BRDA:204,7,0,0
BRDA:204,7,1,0
BRDA:211,8,0,0
BRDA:211,8,1,0
BRDA:229,9,0,3
BRDA:229,9,1,3
BRDA:229,10,0,6
BRDA:229,10,1,6
BRDA:232,11,0,6
BRDA:232,11,1,0
BRDA:232,12,0,6
BRDA:232,12,1,3
BRDA:270,13,0,3
BRDA:270,13,1,0
BRDA:270,14,0,3
BRDA:270,14,1,3
BRDA:301,15,0,0
BRDA:301,15,1,0
BRDA:304,16,0,0
BRDA:304,16,1,0
BRDA:310,17,0,0
BRDA:310,17,1,0
BRF:36
BRH:13
end_of_record
TN:
SF:src/client/pages/LandingPage/index.tsx
FN:16,(anonymous_1)
FNF:1
FNH:1
FNDA:2,(anonymous_1)
DA:1,2
DA:2,2
DA:4,2
DA:6,2
DA:7,2
DA:8,2
DA:9,2
DA:10,2
DA:11,2
DA:12,2
DA:14,2
DA:16,2
DA:17,2
DA:18,2
DA:20,2
DA:127,2
LF:16
LH:16
BRF:0
BRH:0
end_of_record
TN:
SF:src/client/pages/PhraseDetailPage/index.tsx
FN:12,(anonymous_1)
FN:59,(anonymous_2)
FN:62,(anonymous_3)
FN:66,(anonymous_4)
FN:83,(anonymous_5)
FNF:5
FNH:0
FNDA:0,(anonymous_1)
FNDA:0,(anonymous_2)
FNDA:0,(anonymous_3)
FNDA:0,(anonymous_4)
FNDA:0,(anonymous_5)
DA:1,2
DA:2,2
DA:3,2
DA:4,2
DA:7,2
DA:8,2
DA:9,2
DA:10,2
DA:12,2
DA:15,0
DA:17,0
DA:18,0
DA:32,0
DA:35,0
DA:37,0
DA:38,0
DA:39,0
DA:44,0
DA:56,0
DA:59,0
DA:60,0
DA:62,0
DA:64,0
DA:65,0
DA:66,0
DA:70,0
DA:83,0
DA:117,2
LF:28
LH:10
BRDA:32,0,0,0
BRDA:32,0,1,0
BRDA:32,1,0,0
BRDA:32,1,1,0
BRDA:32,1,2,0
BRDA:62,2,0,0
BRDA:62,2,1,0
BRDA:83,3,0,0
BRDA:83,3,1,0
BRF:9
BRH:0
end_of_record
TN:
SF:src/client/pages/PhrasesPage/index.tsx
FN:18,(anonymous_7)
FN:24,(anonymous_8)
FN:28,sortPhrases
FN:32,(anonymous_10)
FN:33,(anonymous_11)
FN:36,(anonymous_12)
FN:37,(anonymous_13)
FN:40,(anonymous_14)
FN:41,(anonymous_15)
FN:44,(anonymous_16)
FN:45,(anonymous_17)
FN:48,(anonymous_18)
FN:49,(anonymous_19)
FN:52,(anonymous_20)
FN:53,(anonymous_21)
FN:57,(anonymous_22)
FN:107,renderVocabulary
FN:108,(anonymous_24)
FN:113,handleSort
FN:133,(anonymous_26)
FNF:20
FNH:0
FNDA:0,(anonymous_7)
FNDA:0,(anonymous_8)
FNDA:0,sortPhrases
FNDA:0,(anonymous_10)
FNDA:0,(anonymous_11)
FNDA:0,(anonymous_12)
FNDA:0,(anonymous_13)
FNDA:0,(anonymous_14)
FNDA:0,(anonymous_15)
FNDA:0,(anonymous_16)
FNDA:0,(anonymous_17)
FNDA:0,(anonymous_18)
FNDA:0,(anonymous_19)
FNDA:0,(anonymous_20)
FNDA:0,(anonymous_21)
FNDA:0,(anonymous_22)
FNDA:0,renderVocabulary
FNDA:0,(anonymous_24)
FNDA:0,handleSort
FNDA:0,(anonymous_26)
DA:1,2
DA:2,2
DA:3,2
DA:7,2
DA:9,2
DA:14,2
DA:16,2
DA:18,2
DA:19,0
DA:20,0
DA:21,0
DA:22,0
DA:24,0
DA:25,0
DA:29,0
DA:31,0
DA:32,0
DA:33,0
DA:35,0
DA:36,0
DA:37,0
DA:39,0
DA:40,0
DA:41,0
DA:43,0
DA:44,0
DA:45,0
DA:47,0
DA:48,0
DA:49,0
DA:51,0
DA:52,0
DA:53,0
DA:57,0
DA:58,0
DA:59,0
DA:60,0
DA:61,0
DA:62,0
DA:63,0
DA:64,0
DA:67,0
DA:70,0
DA:71,0
DA:73,0
DA:76,0
DA:77,0
DA:79,0
DA:82,0
DA:86,0
DA:108,0
DA:109,0
DA:114,0
DA:115,0
DA:117,0
DA:120,0
DA:133,0
DA:162,2
LF:58
LH:9
BRDA:30,0,0,0
BRDA:30,0,1,0
BRDA:30,0,2,0
BRDA:30,0,3,0
BRDA:30,0,4,0
BRDA:30,0,5,0
BRDA:67,1,0,0
BRDA:67,1,1,0
BRDA:70,2,0,0
BRDA:70,2,1,0
BRDA:76,3,0,0
BRDA:76,3,1,0
BRF:12
BRH:0
end_of_record
TN:
SF:src/client/pages/PracticePage/index.tsx
FN:13,(anonymous_7)
FN:21,(anonymous_8)
FN:28,(anonymous_9)
FN:38,renderLanguageInputs
FN:39,(anonymous_11)
FN:58,(anonymous_12)
FN:68,onSubmit
FN:108,(anonymous_14)
FN:125,(anonymous_15)
FNF:9
FNH:0
FNDA:0,(anonymous_7)
FNDA:0,(anonymous_8)
FNDA:0,(anonymous_9)
FNDA:0,renderLanguageInputs
FNDA:0,(anonymous_11)
FNDA:0,(anonymous_12)
FNDA:0,onSubmit
FNDA:0,(anonymous_14)
FNDA:0,(anonymous_15)
DA:1,2
DA:2,2
DA:4,2
DA:5,2
DA:6,2
DA:7,2
DA:11,2
DA:13,2
DA:14,0
DA:15,0
DA:16,0
DA:17,0
DA:18,0
DA:19,0
DA:21,0
DA:27,0
DA:28,0
DA:29,0
DA:33,0
DA:36,0
DA:39,0
DA:40,0
DA:42,0
DA:58,0
DA:69,0
DA:71,0
DA:73,0
DA:76,0
DA:108,0
DA:125,0
DA:145,2
LF:31
LH:9
BRDA:27,0,0,0
BRDA:27,0,1,0
BRDA:49,1,0,0
BRDA:49,1,1,0
BRDA:98,2,0,0
BRDA:98,2,1,0
BRDA:115,3,0,0
BRDA:115,3,1,0
BRDA:137,4,0,0
BRDA:137,4,1,0
BRF:10
BRH:0
end_of_record
TN:
SF:src/client/pages/PracticeResultsPage/index.tsx
FN:14,(anonymous_1)
FN:22,displayChange
FN:34,displayResults
FN:37,(anonymous_4)
FN:38,(anonymous_5)
FN:77,(anonymous_6)
FNF:6
FNH:0
FNDA:0,(anonymous_1)
FNDA:0,displayChange
FNDA:0,displayResults
FNDA:0,(anonymous_4)
FNDA:0,(anonymous_5)
FNDA:0,(anonymous_6)
DA:1,2
DA:2,2
DA:3,2
DA:5,2
DA:6,2
DA:8,2
DA:11,2
DA:12,2
DA:14,2
DA:19,0
DA:20,0
DA:23,0
DA:24,0
DA:27,0
DA:35,0
DA:36,0
DA:37,0
DA:38,0
DA:41,0
DA:42,0
DA:44,0
DA:45,0
DA:52,0
DA:78,0
DA:84,0
DA:87,0
DA:105,0
DA:106,0
DA:109,0
DA:110,0
DA:113,0
DA:122,2
LF:32
LH:10
BRDA:23,0,0,0
BRDA:23,0,1,0
BRDA:28,1,0,0
BRDA:28,1,1,0
BRDA:41,2,0,0
BRDA:41,2,1,0
BRDA:44,3,0,0
BRDA:44,3,1,0
BRDA:56,4,0,0
BRDA:56,4,1,0
BRDA:59,5,0,0
BRDA:59,5,1,0
BRDA:90,6,0,0
BRDA:90,6,1,0
BRDA:105,7,0,0
BRDA:105,7,1,0
BRDA:109,8,0,0
BRDA:109,8,1,0
BRF:18
BRH:0
end_of_record
TN:
SF:src/client/pages/PracticeSessionPage/index.tsx
FN:21,(anonymous_7)
FN:31,(anonymous_8)
FN:35,updatePhrase
FN:39,(anonymous_10)
FN:44,(anonymous_11)
FN:46,(anonymous_12)
FN:47,(anonymous_13)
FN:50,(anonymous_14)
FN:83,(anonymous_15)
FN:96,(anonymous_16)
FN:96,(anonymous_17)
FNF:11
FNH:0
FNDA:0,(anonymous_7)
FNDA:0,(anonymous_8)
FNDA:0,updatePhrase
FNDA:0,(anonymous_10)
FNDA:0,(anonymous_11)
FNDA:0,(anonymous_12)
FNDA:0,(anonymous_13)
FNDA:0,(anonymous_14)
FNDA:0,(anonymous_15)
FNDA:0,(anonymous_16)
FNDA:0,(anonymous_17)
DA:1,2
DA:2,2
DA:3,2
DA:5,2
DA:10,2
DA:12,2
DA:13,2
DA:15,2
DA:19,2
DA:21,2
DA:22,0
DA:27,0
DA:28,0
DA:29,0
DA:30,0
DA:31,0
DA:32,0
DA:33,0
DA:36,0
DA:39,0
DA:40,0
DA:44,0
DA:45,0
DA:46,0
DA:47,0
DA:50,0
DA:54,0
DA:55,0
DA:62,0
DA:63,0
DA:68,0
DA:69,0
DA:76,0
DA:84,0
DA:85,0
DA:87,0
DA:96,0
DA:109,2
LF:38
LH:11
BRDA:30,0,0,0
BRDA:30,0,1,0
BRDA:30,1,0,0
BRDA:30,1,1,0
BRDA:30,2,0,0
BRDA:30,2,1,0
BRDA:30,3,0,0
BRDA:30,3,1,0
BRDA:45,4,0,0
BRDA:45,4,1,0
BRDA:45,5,0,0
BRDA:45,5,1,0
BRDA:54,6,0,0
BRDA:54,6,1,0
BRDA:62,7,0,0
BRDA:62,7,1,0
BRDA:68,8,0,0
BRDA:68,8,1,0
BRDA:79,9,0,0
BRDA:79,9,1,0
BRF:20
BRH:0
end_of_record
TN:
SF:src/client/pages/PrivacyPage/index.tsx
FN:3,(anonymous_1)
FNF:1
FNH:0
FNDA:0,(anonymous_1)
DA:1,2
DA:3,2
DA:4,0
DA:12,2
LF:4
LH:3
BRF:0
BRH:0
end_of_record
TN:
SF:src/client/pages/SettingsPage/index.tsx
FN:12,(anonymous_7)
FN:37,handleChange
FN:43,handleArrayChange
FN:52,(anonymous_10)
FN:60,(anonymous_11)
FN:62,(anonymous_12)
FN:64,(anonymous_13)
FN:77,handleSubmit
FN:134,(anonymous_15)
FN:156,(anonymous_16)
FN:189,(anonymous_17)
FN:210,(anonymous_18)
FN:226,(anonymous_19)
FN:244,(anonymous_20)
FN:260,(anonymous_21)
FN:278,(anonymous_22)
FNF:16
FNH:0
FNDA:0,(anonymous_7)
FNDA:0,handleChange
FNDA:0,handleArrayChange
FNDA:0,(anonymous_10)
FNDA:0,(anonymous_11)
FNDA:0,(anonymous_12)
FNDA:0,(anonymous_13)
FNDA:0,handleSubmit
FNDA:0,(anonymous_15)
FNDA:0,(anonymous_16)
FNDA:0,(anonymous_17)
FNDA:0,(anonymous_18)
FNDA:0,(anonymous_19)
FNDA:0,(anonymous_20)
FNDA:0,(anonymous_21)
FNDA:0,(anonymous_22)
DA:1,2
DA:2,2
DA:4,2
DA:5,2
DA:7,2
DA:8,2
DA:10,2
DA:12,2
DA:13,0
DA:14,0
DA:25,0
DA:26,0
DA:27,0
DA:29,0
DA:30,0
DA:31,0
DA:32,0
DA:33,0
DA:34,0
DA:35,0
DA:38,0
DA:40,0
DA:49,0
DA:51,0
DA:52,0
DA:54,0
DA:57,0
DA:59,0
DA:60,0
DA:61,0
DA:63,0
DA:64,0
DA:66,0
DA:70,0
DA:73,0
DA:78,0
DA:80,0
DA:82,0
DA:94,0
DA:97,0
DA:135,0
DA:157,0
DA:190,0
DA:210,0
DA:226,0
DA:244,0
DA:260,0
DA:278,0
DA:296,2
LF:49
LH:9
BRDA:49,0,0,0
BRDA:49,0,1,0
BRDA:51,1,0,0
BRDA:51,1,1,0
BRDA:59,2,0,0
BRDA:59,2,1,0
BRDA:59,3,0,0
BRDA:59,3,1,0
BRDA:80,4,0,0
BRDA:80,4,1,0
BRDA:80,5,0,0
BRDA:80,5,1,0
BRDA:99,6,0,0
BRDA:99,6,1,0
BRDA:101,7,0,0
BRDA:101,7,1,0
BRDA:125,8,0,0
BRDA:125,8,1,0
BRDA:124,9,0,0
BRDA:124,9,1,0
BRDA:138,10,0,0
BRDA:138,10,1,0
BRDA:147,11,0,0
BRDA:147,11,1,0
BRDA:146,12,0,0
BRDA:146,12,1,0
BRDA:160,13,0,0
BRDA:160,13,1,0
BRDA:286,14,0,0
BRDA:286,14,1,0
BRDA:286,14,2,0
BRF:31
BRH:0
end_of_record
TN:
SF:src/client/reducers/index.ts
FNF:0
FNH:0
DA:1,4
DA:3,4
DA:4,4
DA:5,4
DA:6,4
DA:7,4
DA:8,4
DA:9,4
DA:10,4
DA:12,4
DA:23,4
DA:29,4
LF:12
LH:12
BRF:0
BRH:0
end_of_record
TN:
SF:src/client/slices/articles.ts
FN:17,(anonymous_0)
FN:23,(anonymous_1)
FN:31,(anonymous_2)
FN:38,(anonymous_3)
FN:44,(anonymous_4)
FN:53,(anonymous_5)
FN:63,(anonymous_6)
FN:76,fetchAllArticles
FN:79,(anonymous_8)
FN:106,addOneArticle
FN:109,(anonymous_10)
FNF:11
FNH:1
FNDA:0,(anonymous_0)
FNDA:0,(anonymous_1)
FNDA:0,(anonymous_2)
FNDA:0,(anonymous_3)
FNDA:0,(anonymous_4)
FNDA:0,(anonymous_5)
FNDA:10,(anonymous_6)
FNDA:0,fetchAllArticles
FNDA:0,(anonymous_8)
FNDA:0,addOneArticle
FNDA:0,(anonymous_10)
DA:1,4
DA:2,4
DA:7,4
DA:13,4
DA:18,0
DA:20,0
DA:21,0
DA:24,0
DA:26,0
DA:27,0
DA:28,0
DA:29,0
DA:32,0
DA:34,0
DA:35,0
DA:36,0
DA:39,0
DA:41,0
DA:42,0
DA:45,0
DA:47,0
DA:48,0
DA:49,0
DA:51,0
DA:54,0
DA:56,0
DA:57,0
DA:58,0
DA:63,10
DA:65,4
DA:68,4
DA:76,4
DA:77,0
DA:79,0
DA:80,0
DA:82,0
DA:83,0
DA:94,0
DA:96,0
DA:98,0
DA:100,0
DA:101,0
DA:106,4
DA:107,0
DA:109,0
DA:110,0
DA:112,0
DA:113,0
DA:124,0
DA:126,0
DA:128,0
DA:129,0
DA:131,0
DA:132,0
DA:137,4
LF:55
LH:10
BRF:0
BRH:0
end_of_record
TN:
SF:src/client/slices/auth.ts
FN:21,(anonymous_1)
FN:27,(anonymous_2)
FN:35,(anonymous_3)
FN:42,(anonymous_4)
FN:48,(anonymous_5)
FN:56,(anonymous_6)
FN:63,(anonymous_7)
FN:69,(anonymous_8)
FN:77,(anonymous_9)
FN:87,(anonymous_10)
FN:103,login
FN:106,(anonymous_12)
FN:181,signup
FN:184,(anonymous_14)
FN:244,logout
FN:245,(anonymous_16)
FNF:16
FNH:1
FNDA:0,(anonymous_1)
FNDA:0,(anonymous_2)
FNDA:0,(anonymous_3)
FNDA:0,(anonymous_4)
FNDA:0,(anonymous_5)
FNDA:0,(anonymous_6)
FNDA:0,(anonymous_7)
FNDA:0,(anonymous_8)
FNDA:0,(anonymous_9)
FNDA:60,(anonymous_10)
FNDA:0,login
FNDA:0,(anonymous_12)
FNDA:0,signup
FNDA:0,(anonymous_14)
FNDA:0,logout
FNDA:0,(anonymous_16)
DA:1,4
DA:2,4
DA:3,4
DA:4,4
DA:5,4
DA:6,4
DA:7,4
DA:11,4
DA:17,4
DA:22,0
DA:24,0
DA:25,0
DA:28,0
DA:30,0
DA:31,0
DA:32,0
DA:33,0
DA:36,0
DA:38,0
DA:39,0
DA:40,0
DA:43,0
DA:45,0
DA:46,0
DA:49,0
DA:51,0
DA:52,0
DA:53,0
DA:54,0
DA:57,0
DA:59,0
DA:60,0
DA:61,0
DA:64,0
DA:66,0
DA:67,0
DA:70,0
DA:72,0
DA:73,0
DA:74,0
DA:75,0
DA:78,0
DA:80,0
DA:81,0
DA:82,0
DA:87,60
DA:89,4
DA:92,4
DA:103,4
DA:104,0
DA:106,0
DA:107,0
DA:109,0
DA:110,0
DA:117,0
DA:120,0
DA:132,0
DA:134,0
DA:139,0
DA:141,0
DA:152,0
DA:155,0
DA:156,0
DA:159,0
DA:160,0
DA:164,0
DA:165,0
DA:167,0
DA:168,0
DA:169,0
DA:171,0
DA:172,0
DA:175,0
DA:176,0
DA:181,4
DA:182,0
DA:184,0
DA:185,0
DA:187,0
DA:188,0
DA:196,0
DA:198,0
DA:209,0
DA:211,0
DA:216,0
DA:218,0
DA:229,0
DA:231,0
DA:232,0
DA:234,0
DA:235,0
DA:238,0
DA:239,0
DA:244,4
DA:245,0
DA:246,0
DA:248,0
DA:249,0
DA:256,0
DA:258,0
DA:259,0
DA:260,0
DA:262,0
DA:263,0
DA:268,4
LF:105
LH:16
BRDA:120,0,0,0
BRDA:120,0,1,0
BRDA:120,1,0,0
BRDA:120,1,1,0
BRDA:155,2,0,0
BRDA:155,2,1,0
BRDA:168,3,0,0
BRDA:168,3,1,0
BRDA:168,4,0,0
BRDA:168,4,1,0
BRDA:198,5,0,0
BRDA:198,5,1,0
BRF:12
BRH:0
end_of_record
TN:
SF:src/client/slices/messages.ts
FN:12,(anonymous_0)
FN:18,(anonymous_1)
FN:27,(anonymous_2)
FN:33,sendMessage
FN:34,(anonymous_4)
FN:35,(anonymous_5)
FN:40,removeMessage
FN:41,(anonymous_7)
FNF:8
FNH:1
FNDA:0,(anonymous_0)
FNDA:0,(anonymous_1)
FNDA:16,(anonymous_2)
FNDA:0,sendMessage
FNDA:0,(anonymous_4)
FNDA:0,(anonymous_5)
FNDA:0,removeMessage
FNDA:0,(anonymous_7)
DA:1,4
DA:4,4
DA:8,4
DA:13,0
DA:15,0
DA:16,0
DA:19,0
DA:21,0
DA:22,0
DA:27,16
DA:29,4
DA:31,4
DA:33,4
DA:34,0
DA:35,0
DA:36,0
DA:40,4
DA:41,0
DA:42,0
DA:46,4
LF:20
LH:9
BRF:0
BRH:0
end_of_record
TN:
SF:src/client/slices/newArticles.ts
FN:14,(anonymous_0)
FN:20,(anonymous_1)
FN:28,(anonymous_2)
FN:38,(anonymous_3)
FN:48,fetchNewArticles
FN:49,(anonymous_5)
FNF:6
FNH:1
FNDA:0,(anonymous_0)
FNDA:0,(anonymous_1)
FNDA:0,(anonymous_2)
FNDA:4,(anonymous_3)
FNDA:0,fetchNewArticles
FNDA:0,(anonymous_5)
DA:1,4
DA:4,4
DA:10,4
DA:15,0
DA:17,0
DA:18,0
DA:21,0
DA:23,0
DA:24,0
DA:25,0
DA:26,0
DA:29,0
DA:31,0
DA:32,0
DA:33,0
DA:38,4
DA:40,4
DA:43,4
DA:48,4
DA:49,0
DA:50,0
DA:52,0
DA:53,0
DA:61,0
DA:63,0
DA:65,0
DA:66,0
DA:71,4
LF:28
LH:8
BRF:0
BRH:0
end_of_record
TN:
SF:src/client/slices/phrases.ts
FN:16,(anonymous_0)
FN:22,(anonymous_1)
FN:28,(anonymous_2)
FN:40,(anonymous_3)
FN:50,fetchAllPhrases
FN:53,(anonymous_5)
FNF:6
FNH:1
FNDA:0,(anonymous_0)
FNDA:0,(anonymous_1)
FNDA:0,(anonymous_2)
FNDA:4,(anonymous_3)
FNDA:0,fetchAllPhrases
FNDA:0,(anonymous_5)
DA:1,4
DA:2,4
DA:6,4
DA:12,4
DA:17,0
DA:19,0
DA:20,0
DA:23,0
DA:25,0
DA:26,0
DA:29,0
DA:31,0
DA:32,0
DA:33,0
DA:35,0
DA:40,4
DA:42,4
DA:45,4
DA:50,4
DA:51,0
DA:53,0
DA:54,0
DA:56,0
DA:57,0
DA:68,0
DA:70,0
DA:71,0
DA:73,0
DA:74,0
DA:79,4
LF:30
LH:9
BRF:0
BRH:0
end_of_record
TN:
SF:src/client/slices/practice.ts
FN:20,(anonymous_1)
FN:26,(anonymous_2)
FN:34,(anonymous_3)
FN:41,(anonymous_4)
FN:47,(anonymous_5)
FN:57,(anonymous_6)
FN:64,(anonymous_7)
FN:77,(anonymous_8)
FN:91,createSession
FN:92,(anonymous_10)
FN:115,updatePhraseStrength
FN:118,(anonymous_12)
FN:142,clearResults
FN:143,(anonymous_14)
FNF:14
FNH:0
FNDA:0,(anonymous_1)
FNDA:0,(anonymous_2)
FNDA:0,(anonymous_3)
FNDA:0,(anonymous_4)
FNDA:0,(anonymous_5)
FNDA:0,(anonymous_6)
FNDA:0,(anonymous_7)
FNDA:0,(anonymous_8)
FNDA:0,createSession
FNDA:0,(anonymous_10)
FNDA:0,updatePhraseStrength
FNDA:0,(anonymous_12)
FNDA:0,clearResults
FNDA:0,(anonymous_14)
DA:1,4
DA:2,4
DA:3,4
DA:7,4
DA:16,4
DA:21,0
DA:23,0
DA:24,0
DA:27,0
DA:29,0
DA:30,0
DA:31,0
DA:32,0
DA:35,0
DA:37,0
DA:38,0
DA:39,0
DA:42,0
DA:44,0
DA:45,0
DA:48,0
DA:50,0
DA:51,0
DA:53,0
DA:55,0
DA:58,0
DA:60,0
DA:61,0
DA:62,0
DA:65,0
DA:66,0
DA:72,0
DA:77,4
DA:79,4
DA:82,4
DA:91,4
DA:92,0
DA:93,0
DA:95,0
DA:96,0
DA:103,0
DA:105,0
DA:106,0
DA:108,0
DA:109,0
DA:110,0
DA:115,4
DA:116,0
DA:118,0
DA:119,0
DA:121,0
DA:122,0
DA:130,0
DA:132,0
DA:134,0
DA:136,0
DA:137,0
DA:142,4
DA:143,0
DA:144,0
DA:148,4
LF:61
LH:12
BRF:0
BRH:0
end_of_record
TN:
SF:src/client/slices/settings.ts
FN:22,(anonymous_1)
FN:28,(anonymous_2)
FN:42,(anonymous_3)
FN:52,(anonymous_4)
FN:62,loadSettings
FN:63,(anonymous_6)
FN:75,updateSettings
FN:76,(anonymous_8)
FNF:8
FNH:1
FNDA:0,(anonymous_1)
FNDA:0,(anonymous_2)
FNDA:0,(anonymous_3)
FNDA:16,(anonymous_4)
FNDA:0,loadSettings
FNDA:0,(anonymous_6)
FNDA:0,updateSettings
FNDA:0,(anonymous_8)
DA:1,4
DA:2,4
DA:3,4
DA:6,4
DA:18,4
DA:23,0
DA:25,0
DA:26,0
DA:29,0
DA:31,0
DA:32,0
DA:33,0
DA:34,0
DA:35,0
DA:36,0
DA:37,0
DA:38,0
DA:39,0
DA:40,0
DA:43,0
DA:45,0
DA:46,0
DA:47,0
DA:52,16
DA:54,4
DA:57,4
DA:62,4
DA:63,0
DA:64,0
DA:66,0
DA:67,0
DA:69,0
DA:70,0
DA:75,4
DA:76,0
DA:77,0
DA:79,0
DA:80,0
DA:88,0
DA:100,0
DA:102,0
DA:115,0
DA:116,0
DA:117,0
DA:119,0
DA:120,0
DA:125,4
LF:47
LH:11
BRF:0
BRH:0
end_of_record
TN:
SF:src/client/slices/users.ts
FN:14,(anonymous_0)
FN:20,(anonymous_1)
FN:28,(anonymous_2)
FN:38,(anonymous_3)
FN:44,fetchUsers
FN:45,(anonymous_5)
FNF:6
FNH:0
FNDA:0,(anonymous_0)
FNDA:0,(anonymous_1)
FNDA:0,(anonymous_2)
FNDA:0,(anonymous_3)
FNDA:0,fetchUsers
FNDA:0,(anonymous_5)
DA:1,4
DA:4,4
DA:10,4
DA:15,0
DA:17,0
DA:18,0
DA:21,0
DA:23,0
DA:24,0
DA:25,0
DA:26,0
DA:29,0
DA:31,0
DA:32,0
DA:33,0
DA:38,4
DA:40,4
DA:42,4
DA:44,4
DA:45,0
DA:46,0
DA:47,0
DA:48,0
DA:49,0
DA:51,0
DA:53,0
DA:54,0
DA:59,4
LF:28
LH:8
BRF:0
BRH:0
end_of_record
TN:
SF:src/client/tests/test-router.tsx
FN:5,(anonymous_1)
FNF:1
FNH:1
FNDA:10,(anonymous_1)
DA:1,4
DA:2,4
DA:3,4
DA:5,4
DA:6,10
DA:9,4
LF:6
LH:6
BRF:0
BRH:0
end_of_record
TN:
SF:src/client/tests/test-utils.tsx
FN:7,customRender
FN:15,Wrapper
FNF:2
FNH:2
FNDA:11,customRender
FNDA:11,Wrapper
DA:1,4
DA:2,4
DA:3,4
DA:4,4
DA:5,4
DA:16,11
DA:18,11
DA:22,4
DA:24,4
LF:9
LH:9
BRDA:13,0,0,0
BRDA:11,1,0,11
BRF:2
BRH:1
end_of_record
